Copyright 1986-2022 Xilinx, Inc. All Rights Reserved.
--------------------------------------------------------------------------------------------
| Tool Version : Vivado v.2022.1 (win64) Build 3526262 Mon Apr 18 15:48:16 MDT 2022
| Date         : Sat Jan  6 12:15:25 2024
| Host         : DESKTOP-53FQC58 running 64-bit major release  (build 9200)
| Command      : report_control_sets -verbose -file dejarik_wrapper_control_sets_placed.rpt
| Design       : dejarik_wrapper
| Device       : xc7a35ti
--------------------------------------------------------------------------------------------

Control Set Information

Table of Contents
-----------------
1. Summary
2. Histogram
3. Flip-Flop Distribution
4. Detailed Control Set Information

1. Summary
----------

+----------------------------------------------------------+-------+
|                          Status                          | Count |
+----------------------------------------------------------+-------+
| Total control sets                                       |    84 |
|    Minimum number of control sets                        |    84 |
|    Addition due to synthesis replication                 |     0 |
|    Addition due to physical synthesis replication        |     0 |
| Unused register locations in slices containing registers |   227 |
+----------------------------------------------------------+-------+
* Control sets can be merged at opt_design using control_set_merge or merge_equivalent_drivers
** Run report_qor_suggestions for automated merging and remapping suggestions


2. Histogram
------------

+--------------------+-------+
|       Fanout       | Count |
+--------------------+-------+
| Total control sets |    84 |
| >= 0 to < 4        |    11 |
| >= 4 to < 6        |     9 |
| >= 6 to < 8        |     7 |
| >= 8 to < 10       |    25 |
| >= 10 to < 12      |     4 |
| >= 12 to < 14      |     1 |
| >= 14 to < 16      |     1 |
| >= 16              |    26 |
+--------------------+-------+
* Control sets can be remapped at either synth_design or opt_design


3. Flip-Flop Distribution
-------------------------

+--------------+-----------------------+------------------------+-----------------+--------------+
| Clock Enable | Synchronous Set/Reset | Asynchronous Set/Reset | Total Registers | Total Slices |
+--------------+-----------------------+------------------------+-----------------+--------------+
| No           | No                    | No                     |             209 |           80 |
| No           | No                    | Yes                    |              29 |            8 |
| No           | Yes                   | No                     |             292 |          115 |
| Yes          | No                    | No                     |             218 |           54 |
| Yes          | No                    | Yes                    |              15 |            8 |
| Yes          | Yes                   | No                     |             810 |          253 |
+--------------+-----------------------+------------------------+-----------------+--------------+


4. Detailed Control Set Information
-----------------------------------

+-----------------------------------------------------------+-----------------------------------------------------------------------------------------------------------------------------------------------------------------------------------------------------------+-----------------------------------------------------------------------------------------------------------------------------------------------+------------------+----------------+--------------+
|                        Clock Signal                       |                                                                                               Enable Signal                                                                                               |                                                                Set/Reset Signal                                                               | Slice Load Count | Bel Load Count | Bels / Slice |
+-----------------------------------------------------------+-----------------------------------------------------------------------------------------------------------------------------------------------------------------------------------------------------------+-----------------------------------------------------------------------------------------------------------------------------------------------+------------------+----------------+--------------+
|  dejarik_i/clk_wiz_1/inst/clk_out1                        |                                                                                                                                                                                                           | dejarik_i/microblaze_0/U0/MicroBlaze_Core_I/Performance.Core/Use_Debug_Logic.Master_Core.Debug_Perf/Serial_Dbg_Intf.capture_1                 |                1 |              1 |         1.00 |
|  dejarik_i/mdm_1/U0/No_Dbg_Reg_Access.BUFG_DRCK/Dbg_Clk_0 | dejarik_i/mdm_1/U0/Use_E2.BSCAN_I/Use_E2.BSCANE2_I_0                                                                                                                                                      | dejarik_i/mdm_1/U0/MDM_Core_I1/JTAG_CONTROL_I/Functional_Reset                                                                                |                1 |              1 |         1.00 |
| ~dejarik_i/mdm_1/U0/Use_E2.BSCAN_I/Dbg_Update_0_BUFG      |                                                                                                                                                                                                           | dejarik_i/mdm_1/U0/MDM_Core_I1/JTAG_CONTROL_I/sel_n                                                                                           |                1 |              1 |         1.00 |
| ~dejarik_i/mdm_1/U0/No_Dbg_Reg_Access.BUFG_DRCK/Dbg_Clk_0 | dejarik_i/mdm_1/U0/MDM_Core_I1/JTAG_CONTROL_I/Use_BSCAN.FDC_I/CE                                                                                                                                          | dejarik_i/mdm_1/U0/MDM_Core_I1/JTAG_CONTROL_I/Use_BSCAN.FDC_I/D                                                                               |                1 |              1 |         1.00 |
|  dejarik_i/mdm_1/U0/Use_E2.BSCAN_I/Dbg_Update_0_BUFG      | dejarik_i/microblaze_0/U0/MicroBlaze_Core_I/Performance.Core/Use_Debug_Logic.Master_Core.Debug_Perf/Control_Reg_En                                                                                        | dejarik_i/microblaze_0/U0/MicroBlaze_Core_I/Performance.Core/Use_Debug_Logic.Master_Core.Debug_Perf/start_single_step_reg_n_0                 |                1 |              1 |         1.00 |
|  dejarik_i/mdm_1/U0/Use_E2.BSCAN_I/Dbg_Update_0_BUFG      | dejarik_i/microblaze_0/U0/MicroBlaze_Core_I/Performance.Core/Use_Debug_Logic.Master_Core.Debug_Perf/Control_Reg_En                                                                                        | dejarik_i/microblaze_0/U0/MicroBlaze_Core_I/Performance.Core/Use_Debug_Logic.Master_Core.Debug_Perf/Serial_Dbg_Intf.normal_stop_cmd_i_reg_n_0 |                1 |              1 |         1.00 |
|  dejarik_i/mdm_1/U0/Use_E2.BSCAN_I/Dbg_Update_0_BUFG      | dejarik_i/microblaze_0/U0/MicroBlaze_Core_I/Performance.Core/Use_Debug_Logic.Master_Core.Debug_Perf/Control_Reg_En                                                                                        | dejarik_i/microblaze_0/U0/MicroBlaze_Core_I/Performance.Core/Use_Debug_Logic.Master_Core.Debug_Perf/Serial_Dbg_Intf.force_stop_cmd_i_reg_0    |                1 |              1 |         1.00 |
|  dejarik_i/mdm_1/U0/Use_E2.BSCAN_I/Dbg_Update_0_BUFG      | dejarik_i/microblaze_0/U0/MicroBlaze_Core_I/Performance.Core/Use_Debug_Logic.Master_Core.Debug_Perf/Control_Reg_En                                                                                        | dejarik_i/microblaze_0/U0/MicroBlaze_Core_I/Performance.Core/Use_Debug_Logic.Master_Core.Debug_Perf/Serial_Dbg_Intf.continue_from_brk_reg_n_0 |                1 |              1 |         1.00 |
|  dejarik_i/mdm_1/U0/Use_E2.BSCAN_I/Dbg_Update_0_BUFG      | dejarik_i/microblaze_0/U0/MicroBlaze_Core_I/Performance.Core/Use_Debug_Logic.Master_Core.Debug_Perf/Command_Reg_En                                                                                        | dejarik_i/microblaze_0/U0/MicroBlaze_Core_I/Performance.Core/Use_Debug_Logic.Master_Core.Debug_Perf/command_reg_clear                         |                1 |              2 |         2.00 |
|  dejarik_i/clk_wiz_1/inst/clk_out1                        | dejarik_i/axi_intc_0/U0/AXI_LITE_IPIF_I/I_SLAVE_ATTACHMENT/s_axi_rresp_i                                                                                                                                  | dejarik_i/axi_intc_0/U0/AXI_LITE_IPIF_I/I_SLAVE_ATTACHMENT/rst                                                                                |                2 |              3 |         1.50 |
|  dejarik_i/mdm_1/U0/Use_E2.BSCAN_I/Dbg_Update_0_BUFG      |                                                                                                                                                                                                           |                                                                                                                                               |                3 |              3 |         1.00 |
|  dejarik_i/clk_wiz_1/inst/clk_out1                        |                                                                                                                                                                                                           | dejarik_i/axi_intc_0/U0/AXI_LITE_IPIF_I/I_SLAVE_ATTACHMENT/clear                                                                              |                1 |              4 |         4.00 |
|  dejarik_i/clk_wiz_1/inst/clk_out1                        | dejarik_i/axi_uartlite_0/U0/AXI_LITE_IPIF_I/I_SLAVE_ATTACHMENT/start2                                                                                                                                     | dejarik_i/axi_uartlite_0/U0/AXI_LITE_IPIF_I/I_SLAVE_ATTACHMENT/I_DECODER/cs_ce_clr                                                            |                1 |              4 |         4.00 |
| ~dejarik_i/mdm_1/U0/Use_E2.BSCAN_I/Dbg_Update_0_BUFG      |                                                                                                                                                                                                           | dejarik_i/mdm_1/U0/Use_E2.BSCAN_I/AR[0]                                                                                                       |                1 |              4 |         4.00 |
|  dejarik_i/mdm_1/U0/Use_E2.BSCAN_I/Dbg_Update_0_BUFG      | dejarik_i/mdm_1/U0/MDM_Core_I1/Use_BSCAN.MDM_SEL                                                                                                                                                          | dejarik_i/mdm_1/U0/Use_E2.BSCAN_I/AR[0]                                                                                                       |                1 |              4 |         4.00 |
|  dejarik_i/mdm_1/U0/No_Dbg_Reg_Access.BUFG_DRCK/Dbg_Clk_0 | dejarik_i/mdm_1/U0/MDM_Core_I1/Use_BSCAN.TDI_Shifter0                                                                                                                                                     | dejarik_i/mdm_1/U0/Use_E2.BSCAN_I/AR[0]                                                                                                       |                1 |              4 |         4.00 |
|  dejarik_i/clk_wiz_1/inst/clk_out1                        | dejarik_i/axi_uartlite_0/U0/UARTLITE_CORE_I/BAUD_RATE_I/en_16x_Baud                                                                                                                                       |                                                                                                                                               |                1 |              4 |         4.00 |
|  dejarik_i/clk_wiz_1/inst/clk_out1                        |                                                                                                                                                                                                           | dejarik_i/rst_clk_wiz_1_100M/U0/EXT_LPF/lpf_int                                                                                               |                2 |              5 |         2.50 |
|  dejarik_i/mdm_1/U0/Use_E2.BSCAN_I/Dbg_Update_0_BUFG      | dejarik_i/microblaze_0/U0/MicroBlaze_Core_I/Performance.Core/Use_Debug_Logic.Master_Core.Debug_Perf/Control_Reg_En                                                                                        |                                                                                                                                               |                2 |              5 |         2.50 |
|  dejarik_i/clk_wiz_1/inst/clk_out1                        | dejarik_i/microblaze_0/U0/MicroBlaze_Core_I/Performance.Core/Decode_I/wb_Halted                                                                                                                           | dejarik_i/microblaze_0/U0/MicroBlaze_Core_I/sync_reset                                                                                        |                3 |              5 |         1.67 |
|  dejarik_i/mdm_1/U0/No_Dbg_Reg_Access.BUFG_DRCK/Dbg_Clk_0 | dejarik_i/mdm_1/U0/Use_E2.BSCAN_I/sel                                                                                                                                                                     |                                                                                                                                               |                3 |              6 |         2.00 |
|  dejarik_i/mdm_1/U0/No_Dbg_Reg_Access.BUFG_DRCK/Dbg_Clk_0 | dejarik_i/mdm_1/U0/Use_E2.BSCAN_I/Use_E2.BSCANE2_I_2                                                                                                                                                      |                                                                                                                                               |                1 |              6 |         6.00 |
|  dejarik_i/clk_wiz_1/inst/clk_out1                        |                                                                                                                                                                                                           | dejarik_i/axi_uartlite_0/U0/UARTLITE_CORE_I/UARTLITE_TX_I/SRL_FIFO_I/I_SRL_FIFO_RBU_F/CNTR_INCR_DECR_ADDN_F_I/SS[0]                           |                3 |              6 |         2.00 |
|  dejarik_i/clk_wiz_1/inst/clk_out1                        |                                                                                                                                                                                                           | dejarik_i/axi_uartlite_0/U0/UARTLITE_CORE_I/UARTLITE_RX_I/SRL_FIFO_I/I_SRL_FIFO_RBU_F/CNTR_INCR_DECR_ADDN_F_I/SS[0]                           |                2 |              6 |         3.00 |
|  dejarik_i/mdm_1/U0/No_Dbg_Reg_Access.BUFG_DRCK/Dbg_Clk_0 | dejarik_i/mdm_1/U0/MDM_Core_I1/JTAG_CONTROL_I/Use_BSCAN.FDC_I/sample_1                                                                                                                                    |                                                                                                                                               |                1 |              6 |         6.00 |
|  dejarik_i/clk_wiz_1/inst/clk_out1                        | dejarik_i/rst_clk_wiz_1_100M/U0/SEQ/seq_cnt_en                                                                                                                                                            | dejarik_i/rst_clk_wiz_1_100M/U0/SEQ/SEQ_COUNTER/clear                                                                                         |                1 |              6 |         6.00 |
|  dejarik_i/clk_wiz_1/inst/clk_out1                        | dejarik_i/axi_uartlite_0/U0/UARTLITE_CORE_I/BAUD_RATE_I/en_16x_Baud                                                                                                                                       | dejarik_i/axi_uartlite_0/U0/UARTLITE_CORE_I/UARTLITE_RX_I/SERIAL_TO_PARALLEL[8].fifo_din[8]_i_1_n_0                                           |                1 |              7 |         7.00 |
|  dejarik_i/clk_wiz_1/inst/clk_out1                        | dejarik_i/axi_uartlite_0/U0/AXI_LITE_IPIF_I/I_SLAVE_ATTACHMENT/s_axi_rresp_i                                                                                                                              | dejarik_i/axi_uartlite_0/U0/AXI_LITE_IPIF_I/I_SLAVE_ATTACHMENT/rst                                                                            |                2 |              8 |         4.00 |
|  dejarik_i/clk_wiz_1/inst/clk_out1                        | dejarik_i/ioiptest_0/inst/ioiptest_v1_0_S00_AXI_inst/p_1_in[15]                                                                                                                                           | dejarik_i/ioiptest_0/inst/ioiptest_v1_0_S00_AXI_inst/slv_reg0[0]_i_1_n_0                                                                      |                1 |              8 |         8.00 |
|  dejarik_i/clk_wiz_1/inst/clk_out1                        | dejarik_i/axi_uartlite_0/U0/UARTLITE_CORE_I/UARTLITE_RX_I/SRL_FIFO_I/I_SRL_FIFO_RBU_F/DYNSHREG_F_I/fifo_wr                                                                                                |                                                                                                                                               |                1 |              8 |         8.00 |
|  dejarik_i/clk_wiz_1/inst/clk_out1                        | dejarik_i/ioiptest_0/inst/ioiptest_v1_0_S00_AXI_inst/slv_reg1[23]_i_1_n_0                                                                                                                                 | dejarik_i/ioiptest_0/inst/ioiptest_v1_0_S00_AXI_inst/slv_reg0[0]_i_1_n_0                                                                      |                2 |              8 |         4.00 |
|  dejarik_i/clk_wiz_1/inst/clk_out1                        | dejarik_i/ioiptest_0/inst/ioiptest_v1_0_S00_AXI_inst/slv_reg3[31]_i_1_n_0                                                                                                                                 | dejarik_i/ioiptest_0/inst/ioiptest_v1_0_S00_AXI_inst/slv_reg0[0]_i_1_n_0                                                                      |                2 |              8 |         4.00 |
|  dejarik_i/clk_wiz_1/inst/clk_out1                        | dejarik_i/ioiptest_0/inst/ioiptest_v1_0_S00_AXI_inst/p_1_in[23]                                                                                                                                           | dejarik_i/ioiptest_0/inst/ioiptest_v1_0_S00_AXI_inst/slv_reg0[0]_i_1_n_0                                                                      |                1 |              8 |         8.00 |
|  dejarik_i/clk_wiz_1/inst/clk_out1                        | dejarik_i/ioiptest_0/inst/ioiptest_v1_0_S00_AXI_inst/slv_reg2[31]_i_1_n_0                                                                                                                                 | dejarik_i/ioiptest_0/inst/ioiptest_v1_0_S00_AXI_inst/slv_reg0[0]_i_1_n_0                                                                      |                1 |              8 |         8.00 |
|  dejarik_i/clk_wiz_1/inst/clk_out1                        | dejarik_i/ioiptest_0/inst/ioiptest_v1_0_S00_AXI_inst/slv_reg1[31]_i_1_n_0                                                                                                                                 | dejarik_i/ioiptest_0/inst/ioiptest_v1_0_S00_AXI_inst/slv_reg0[0]_i_1_n_0                                                                      |                1 |              8 |         8.00 |
|  dejarik_i/clk_wiz_1/inst/clk_out1                        | dejarik_i/ioiptest_0/inst/ioiptest_v1_0_S00_AXI_inst/slv_reg1[15]_i_1_n_0                                                                                                                                 | dejarik_i/ioiptest_0/inst/ioiptest_v1_0_S00_AXI_inst/slv_reg0[0]_i_1_n_0                                                                      |                3 |              8 |         2.67 |
|  dejarik_i/clk_wiz_1/inst/clk_out1                        | dejarik_i/axi_uartlite_0/U0/AXI_LITE_IPIF_I/I_SLAVE_ATTACHMENT/I_DECODER/fifo_wr                                                                                                                          |                                                                                                                                               |                1 |              8 |         8.00 |
|  dejarik_i/clk_wiz_1/inst/clk_out1                        | dejarik_i/ioiptest_0/inst/ioiptest_v1_0_S00_AXI_inst/slv_reg3[23]_i_1_n_0                                                                                                                                 | dejarik_i/ioiptest_0/inst/ioiptest_v1_0_S00_AXI_inst/slv_reg0[0]_i_1_n_0                                                                      |                1 |              8 |         8.00 |
|  dejarik_i/clk_wiz_1/inst/clk_out1                        | dejarik_i/ioiptest_0/inst/ioiptest_v1_0_S00_AXI_inst/p_1_in[31]                                                                                                                                           | dejarik_i/ioiptest_0/inst/ioiptest_v1_0_S00_AXI_inst/slv_reg0[0]_i_1_n_0                                                                      |                3 |              8 |         2.67 |
|  dejarik_i/mdm_1/U0/No_Dbg_Reg_Access.BUFG_DRCK/Dbg_Clk_0 | dejarik_i/microblaze_0/U0/MicroBlaze_Core_I/Performance.Core/Use_Debug_Logic.Master_Core.Debug_Perf/Using_PC_Breakpoints.All_PC_Brks[0].Serial_Interface_1.address_hit_I/Compare[0].SRLC16E_I/which_pc__0 |                                                                                                                                               |                7 |              8 |         1.14 |
|  dejarik_i/clk_wiz_1/inst/clk_out1                        | dejarik_i/ioiptest_0/inst/ioiptest_v1_0_S00_AXI_inst/slv_reg2[15]_i_1_n_0                                                                                                                                 | dejarik_i/ioiptest_0/inst/ioiptest_v1_0_S00_AXI_inst/slv_reg0[0]_i_1_n_0                                                                      |                2 |              8 |         4.00 |
|  dejarik_i/mdm_1/U0/No_Dbg_Reg_Access.BUFG_DRCK/Dbg_Clk_0 | dejarik_i/mdm_1/U0/MDM_Core_I1/JTAG_CONTROL_I/tdi_shifter0                                                                                                                                                |                                                                                                                                               |                2 |              8 |         4.00 |
|  dejarik_i/clk_wiz_1/inst/clk_out1                        | dejarik_i/axi_intc_0/U0/AXI_LITE_IPIF_I/I_SLAVE_ATTACHMENT/bus2ip_addr_i[8]_i_1_n_0                                                                                                                       | dejarik_i/axi_intc_0/U0/AXI_LITE_IPIF_I/I_SLAVE_ATTACHMENT/rst                                                                                |                2 |              8 |         4.00 |
|  dejarik_i/mdm_1/U0/Use_E2.BSCAN_I/Dbg_Update_0_BUFG      | dejarik_i/mdm_1/U0/MDM_Core_I1/JTAG_CONTROL_I/Use_BSCAN.FDC_I/command_10                                                                                                                                  |                                                                                                                                               |                1 |              8 |         8.00 |
| ~dejarik_i/mdm_1/U0/Use_E2.BSCAN_I/Dbg_Update_0_BUFG      | dejarik_i/mdm_1/U0/MDM_Core_I1/JTAG_CONTROL_I/Use_BSCAN.command[0]_i_1_n_0                                                                                                                                |                                                                                                                                               |                1 |              8 |         8.00 |
|  dejarik_i/clk_wiz_1/inst/clk_out1                        | dejarik_i/ioiptest_0/inst/ioiptest_v1_0_S00_AXI_inst/slv_reg3[15]_i_1_n_0                                                                                                                                 | dejarik_i/ioiptest_0/inst/ioiptest_v1_0_S00_AXI_inst/slv_reg0[0]_i_1_n_0                                                                      |                2 |              8 |         4.00 |
|  dejarik_i/clk_wiz_1/inst/clk_out1                        | dejarik_i/ioiptest_0/inst/ioiptest_v1_0_S00_AXI_inst/slv_reg2[23]_i_1_n_0                                                                                                                                 | dejarik_i/ioiptest_0/inst/ioiptest_v1_0_S00_AXI_inst/slv_reg0[0]_i_1_n_0                                                                      |                1 |              8 |         8.00 |
|  dejarik_i/clk_wiz_1/inst/clk_out1                        |                                                                                                                                                                                                           | dejarik_i/axi_intc_0/U0/INTC_CORE_I/s_axi_aresetn_0                                                                                           |                3 |              9 |         3.00 |
|  dejarik_i/clk_wiz_1/inst/clk_out1                        | dejarik_i/ioiptest_0/inst/ioiptest_v1_0_S00_AXI_inst/p_1_in[0]                                                                                                                                            | dejarik_i/ioiptest_0/inst/ioiptest_v1_0_S00_AXI_inst/slv_reg0[0]_i_1_n_0                                                                      |                2 |              9 |         4.50 |
|  dejarik_i/clk_wiz_1/inst/clk_out1                        | dejarik_i/ioiptest_0/inst/ioiptest_v1_0_S00_AXI_inst/slv_reg1[0]_i_1_n_0                                                                                                                                  | dejarik_i/ioiptest_0/inst/ioiptest_v1_0_S00_AXI_inst/slv_reg0[0]_i_1_n_0                                                                      |                2 |              9 |         4.50 |
|  dejarik_i/clk_wiz_1/inst/clk_out1                        | dejarik_i/ioiptest_0/inst/ioiptest_v1_0_S00_AXI_inst/slv_reg3[0]_i_1_n_0                                                                                                                                  | dejarik_i/ioiptest_0/inst/ioiptest_v1_0_S00_AXI_inst/slv_reg0[0]_i_1_n_0                                                                      |                2 |              9 |         4.50 |
|  dejarik_i/clk_wiz_1/inst/clk_out1                        | dejarik_i/ioiptest_0/inst/ioiptest_v1_0_S00_AXI_inst/slv_reg2[0]_i_1_n_0                                                                                                                                  | dejarik_i/ioiptest_0/inst/ioiptest_v1_0_S00_AXI_inst/slv_reg0[0]_i_1_n_0                                                                      |                2 |              9 |         4.50 |
|  dejarik_i/clk_wiz_1/inst/clk_out1                        |                                                                                                                                                                                                           | dejarik_i/ioiptest_0/inst/ioiptest_v1_0_S00_AXI_inst/slv_reg0[0]_i_1_n_0                                                                      |                4 |             10 |         2.50 |
|  dejarik_i/clk_wiz_1/inst/clk_out1                        |                                                                                                                                                                                                           | dejarik_i/axi_uartlite_0/U0/AXI_LITE_IPIF_I/I_SLAVE_ATTACHMENT/rst                                                                            |                3 |             10 |         3.33 |
|  dejarik_i/mdm_1/U0/No_Dbg_Reg_Access.BUFG_DRCK/Dbg_Clk_0 | dejarik_i/mdm_1/U0/MDM_Core_I1/JTAG_CONTROL_I/Use_BSCAN.FDC_I/Use_Serial_Unified_Completion.completion_block_reg                                                                                          |                                                                                                                                               |                4 |             10 |         2.50 |
|  dejarik_i/clk_wiz_1/inst/clk_out1                        |                                                                                                                                                                                                           | dejarik_i/axi_intc_0/U0/AXI_LITE_IPIF_I/I_SLAVE_ATTACHMENT/rst                                                                                |                5 |             11 |         2.20 |
|  dejarik_i/clk_wiz_1/inst/clk_out1                        |                                                                                                                                                                                                           | dejarik_i/microblaze_0_axi_periph/xbar/inst/gen_sasd.crossbar_sasd_0/addr_arbiter_inst/SR[0]                                                  |                5 |             13 |         2.60 |
|  dejarik_i/clk_wiz_1/inst/clk_out1                        | dejarik_i/microblaze_0_axi_periph/xbar/inst/gen_sasd.crossbar_sasd_0/reg_slice_r/aa_rready                                                                                                                |                                                                                                                                               |                4 |             15 |         3.75 |
|  dejarik_i/clk_wiz_1/inst/clk_out1                        | dejarik_i/microblaze_0/U0/MicroBlaze_Core_I/Performance.Core/Decode_I/PreFetch_Buffer_I1/Instruction_Prefetch_Mux[4].Gen_Instr_DFF/E[0]                                                                   | dejarik_i/microblaze_0/U0/MicroBlaze_Core_I/sync_reset                                                                                        |                8 |             16 |         2.00 |
|  dejarik_i/clk_wiz_1/inst/clk_out1                        | dejarik_i/axi_intc_0/U0/AXI_LITE_IPIF_I/I_SLAVE_ATTACHMENT/start2                                                                                                                                         | dejarik_i/axi_intc_0/U0/AXI_LITE_IPIF_I/I_SLAVE_ATTACHMENT/I_DECODER/cs_ce_clr                                                                |                7 |             19 |         2.71 |
|  dejarik_i/clk_wiz_1/inst/clk_out1                        | dejarik_i/microblaze_0/U0/MicroBlaze_Core_I/Performance.Core/Decode_I/mem_wait_on_ready_N_carry_or/MUXCY_I/lopt_1                                                                                         | dejarik_i/microblaze_0/U0/MicroBlaze_Core_I/sync_reset                                                                                        |                7 |             21 |         3.00 |
|  dejarik_i/clk_wiz_1/inst/clk_out1                        | dejarik_i/microblaze_0_axi_periph/xbar/inst/gen_sasd.crossbar_sasd_0/addr_arbiter_inst/p_0_in1_in                                                                                                         | dejarik_i/microblaze_0_axi_periph/xbar/inst/gen_sasd.crossbar_sasd_0/addr_arbiter_inst/SR[0]                                                  |                5 |             23 |         4.60 |
|  dejarik_i/mdm_1/U0/No_Dbg_Reg_Access.BUFG_DRCK/Dbg_Clk_0 |                                                                                                                                                                                                           | dejarik_i/mdm_1/U0/Use_E2.BSCAN_I/Use_E2.BSCANE2_I_4                                                                                          |                5 |             23 |         4.60 |
|  dejarik_i/clk_wiz_1/inst/clk_out1                        | dejarik_i/axi_uartlite_0/U0/UARTLITE_CORE_I/BAUD_RATE_I/en_16x_Baud                                                                                                                                       | dejarik_i/axi_uartlite_0/U0/UARTLITE_CORE_I/UARTLITE_RX_I/s_axi_aresetn_0                                                                     |                4 |             28 |         7.00 |
|  dejarik_i/clk_wiz_1/inst/clk_out1                        |                                                                                                                                                                                                           | dejarik_i/axi_uartlite_0/U0/UARTLITE_CORE_I/UARTLITE_RX_I/s_axi_aresetn_0                                                                     |               10 |             31 |         3.10 |
|  dejarik_i/clk_wiz_1/inst/clk_out1                        | dejarik_i/microblaze_0_axi_periph/xbar/inst/gen_sasd.crossbar_sasd_0/addr_arbiter_inst/s_axi_rvalid[0]                                                                                                    | dejarik_i/microblaze_0/U0/MicroBlaze_Core_I/sync_reset                                                                                        |               12 |             32 |         2.67 |
|  dejarik_i/clk_wiz_1/inst/clk_out1                        | dejarik_i/microblaze_0/U0/MicroBlaze_Core_I/Performance.Core/Decode_I/Use_MuxCy[3].OF_Piperun_Stage/MUXCY_I/Using_FPGA.Native_0                                                                           | dejarik_i/microblaze_0/U0/MicroBlaze_Core_I/Performance.Core/Decode_I/R                                                                       |               10 |             32 |         3.20 |
|  dejarik_i/mdm_1/U0/No_Dbg_Reg_Access.BUFG_DRCK/Dbg_Clk_0 | dejarik_i/microblaze_0/U0/MicroBlaze_Core_I/Performance.Core/Use_Debug_Logic.Master_Core.Debug_Perf/Serial_Dbg_Intf.New_Dbg_Instr_TCK                                                                     |                                                                                                                                               |               10 |             32 |         3.20 |
|  dejarik_i/clk_wiz_1/inst/clk_out1                        | dejarik_i/microblaze_0/U0/MicroBlaze_Core_I/Performance.Core/Decode_I/Use_MuxCy[3].OF_Piperun_Stage/MUXCY_I/E[0]                                                                                          | dejarik_i/microblaze_0/U0/MicroBlaze_Core_I/sync_reset                                                                                        |                5 |             32 |         6.40 |
|  dejarik_i/clk_wiz_1/inst/clk_out1                        | dejarik_i/microblaze_0/U0/MicroBlaze_Core_I/Performance.Core/Use_Debug_Logic.Master_Core.Debug_Perf/data_rd_reg[0]_i_1_n_0                                                                                | dejarik_i/microblaze_0/U0/MicroBlaze_Core_I/sync_reset                                                                                        |                9 |             32 |         3.56 |
|  dejarik_i/clk_wiz_1/inst/clk_out1                        |                                                                                                                                                                                                           | dejarik_i/microblaze_0/U0/MicroBlaze_Core_I/Performance.Core/wb_dlmb_valid_read_data0                                                         |               10 |             32 |         3.20 |
|  dejarik_i/clk_wiz_1/inst/clk_out1                        | dejarik_i/ioiptest_0/inst/ioiptest_v1_0_S00_AXI_inst/slv_reg_rden__0                                                                                                                                      | dejarik_i/ioiptest_0/inst/ioiptest_v1_0_S00_AXI_inst/slv_reg0[0]_i_1_n_0                                                                      |               11 |             32 |         2.91 |
|  dejarik_i/clk_wiz_1/inst/clk_out1                        | dejarik_i/microblaze_0/U0/MicroBlaze_Core_I/Performance.Core/Decode_I/mem_wait_on_ready_N_carry_or/MUXCY_I/lopt_1                                                                                         |                                                                                                                                               |                5 |             32 |         6.40 |
|  dejarik_i/clk_wiz_1/inst/clk_out1                        | dejarik_i/microblaze_0/U0/MicroBlaze_Core_I/Performance.Core/Decode_I/mem_wait_on_ready_N_carry_or/MUXCY_I/lopt_1                                                                                         | dejarik_i/microblaze_0/U0/MicroBlaze_Core_I/Performance.Core/Decode_I/SR[0]                                                                   |               11 |             32 |         2.91 |
|  dejarik_i/clk_wiz_1/inst/clk_out1                        | dejarik_i/microblaze_0/U0/MicroBlaze_Core_I/Performance.Core/Decode_I/PreFetch_Buffer_I1/Gen_Mux_Select_LUT6[2].Gen_Sel_DFF/Using_FPGA.Native_1[0]                                                        | dejarik_i/microblaze_0/U0/MicroBlaze_Core_I/sync_reset                                                                                        |                7 |             32 |         4.57 |
|  dejarik_i/clk_wiz_1/inst/clk_out1                        | dejarik_i/microblaze_0_axi_periph/xbar/inst/gen_sasd.crossbar_sasd_0/addr_arbiter_inst/E[0]                                                                                                               |                                                                                                                                               |                6 |             33 |         5.50 |
|  dejarik_i/mdm_1/U0/No_Dbg_Reg_Access.BUFG_DRCK/Dbg_Clk_0 | dejarik_i/mdm_1/U0/Use_E2.BSCAN_I/Use_E2.BSCANE2_I_0                                                                                                                                                      |                                                                                                                                               |               13 |             47 |         3.62 |
|  dejarik_i/clk_wiz_1/inst/clk_out1                        | dejarik_i/microblaze_0/U0/MicroBlaze_Core_I/Performance.Core/Decode_I/PreFetch_Buffer_I1/Instruction_Prefetch_Mux[42].Instr_Mux_MUXF7/IReady_0                                                            |                                                                                                                                               |               10 |             75 |         7.50 |
|  dejarik_i/mdm_1/U0/No_Dbg_Reg_Access.BUFG_DRCK/Dbg_Clk_0 |                                                                                                                                                                                                           |                                                                                                                                               |               29 |             80 |         2.76 |
|  dejarik_i/clk_wiz_1/inst/clk_out1                        | dejarik_i/microblaze_0/U0/MicroBlaze_Core_I/Performance.Core/Decode_I/Use_MuxCy[3].OF_Piperun_Stage/MUXCY_I/Using_FPGA.Native_0                                                                           | dejarik_i/microblaze_0/U0/MicroBlaze_Core_I/sync_reset                                                                                        |               34 |             84 |         2.47 |
|  dejarik_i/clk_wiz_1/inst/clk_out1                        | dejarik_i/microblaze_0/U0/MicroBlaze_Core_I/Performance.Core/Decode_I/WB_GPR_Wr                                                                                                                           |                                                                                                                                               |               16 |            128 |         8.00 |
|  dejarik_i/clk_wiz_1/inst/clk_out1                        |                                                                                                                                                                                                           |                                                                                                                                               |               51 |            143 |         2.80 |
|  dejarik_i/clk_wiz_1/inst/clk_out1                        |                                                                                                                                                                                                           | dejarik_i/microblaze_0/U0/MicroBlaze_Core_I/sync_reset                                                                                        |               67 |            155 |         2.31 |
|  dejarik_i/clk_wiz_1/inst/clk_out1                        | dejarik_i/microblaze_0/U0/MicroBlaze_Core_I/Performance.Core/Decode_I/Use_MuxCy[11].OF_Piperun_Stage/MUXCY_I/Using_FPGA.Native_0                                                                          | dejarik_i/microblaze_0/U0/MicroBlaze_Core_I/sync_reset                                                                                        |               82 |            221 |         2.70 |
+-----------------------------------------------------------+-----------------------------------------------------------------------------------------------------------------------------------------------------------------------------------------------------------+-----------------------------------------------------------------------------------------------------------------------------------------------+------------------+----------------+--------------+


