TRACE::2024-01-20.10:23:14::SCWPlatform::Trying to open the hw design at C:/Users/peneb/Desktop/git/dejarik/vitis_workspace/dejarik_wrapper/hw/dejarik_wrapper.xsa
TRACE::2024-01-20.10:23:14::SCWPlatform::DSA given C:/Users/peneb/Desktop/git/dejarik/vitis_workspace/dejarik_wrapper/hw/dejarik_wrapper.xsa
TRACE::2024-01-20.10:23:14::SCWPlatform::DSA absoulate path C:/Users/peneb/Desktop/git/dejarik/vitis_workspace/dejarik_wrapper/hw/dejarik_wrapper.xsa
TRACE::2024-01-20.10:23:14::SCWPlatform::DSA directory C:/Users/peneb/Desktop/git/dejarik/vitis_workspace/dejarik_wrapper/hw
TRACE::2024-01-20.10:23:14::SCWPlatform:: Platform Path C:/Users/peneb/Desktop/git/dejarik/vitis_workspace/dejarik_wrapper/hw/dejarik_wrapper.xsa
TRACE::2024-01-20.10:23:14::SCWPlatform:: Unique name xilinx:arty-a7-35::0.0
TRACE::2024-01-20.10:23:14::SCWPlatform::Do not have an existing db opened. 
TRACE::2024-01-20.10:23:14::SCWPlatform::Opened new HwDB with name dejarik_wrapper_0
TRACE::2024-01-20.10:23:14::SCWWriter::formatted JSON is {
	"platformName":	"dejarik_wrapper",
	"sprVersion":	"2.0",
	"mode":	"gui",
	"dsaType":	"Fixed",
	"platformDesc":	"dejarik_wrapper",
	"platHandOff":	"C:/Users/peneb/Desktop/git/dejarik/fpga_dejarik/dejarik_wrapper.xsa",
	"platIntHandOff":	"<platformDir>/hw/dejarik_wrapper.xsa",
	"deviceType":	"FPGA",
	"platIsPrebuiltAutogen":	"false",
	"platIsNoBootBsp":	"false",
	"hasFsblMakeHasChanges":	"false",
	"hasPmufwMakeHasChanges":	"false",
	"platPreBuiltFlag":	false,
	"platformSamplesDir":	""
}
TRACE::2024-01-20.10:23:14::SCWWriter::formatted JSON is {
	"platformName":	"dejarik_wrapper",
	"sprVersion":	"2.0",
	"mode":	"gui",
	"dsaType":	"Fixed",
	"platformDesc":	"dejarik_wrapper",
	"platHandOff":	"C:/Users/peneb/Desktop/git/dejarik/fpga_dejarik/dejarik_wrapper.xsa",
	"platIntHandOff":	"<platformDir>/hw/dejarik_wrapper.xsa",
	"deviceType":	"FPGA",
	"platIsPrebuiltAutogen":	"false",
	"platIsNoBootBsp":	"false",
	"hasFsblMakeHasChanges":	"false",
	"hasPmufwMakeHasChanges":	"false",
	"platPreBuiltFlag":	false,
	"platformSamplesDir":	"",
	"platActiveSys":	"dejarik_wrapper",
	"systems":	[{
			"systemName":	"dejarik_wrapper",
			"systemDesc":	"dejarik_wrapper",
			"sysIsBootAutoGen":	"true",
			"systemDispName":	"dejarik_wrapper"
		}]
}
TRACE::2024-01-20.10:23:14::SCWPlatform::Boot application domains not present, creating them
TRACE::2024-01-20.10:23:14::SCWPlatform::Pure FPGA device, no boot application will be created.
TRACE::2024-01-20.10:23:14::SCWWriter::formatted JSON is {
	"platformName":	"dejarik_wrapper",
	"sprVersion":	"2.0",
	"mode":	"gui",
	"dsaType":	"Fixed",
	"platformDesc":	"dejarik_wrapper",
	"platHandOff":	"C:/Users/peneb/Desktop/git/dejarik/fpga_dejarik/dejarik_wrapper.xsa",
	"platIntHandOff":	"<platformDir>/hw/dejarik_wrapper.xsa",
	"deviceType":	"FPGA",
	"platIsPrebuiltAutogen":	"false",
	"platIsNoBootBsp":	"false",
	"hasFsblMakeHasChanges":	"false",
	"hasPmufwMakeHasChanges":	"false",
	"platPreBuiltFlag":	false,
	"platformSamplesDir":	"",
	"platActiveSys":	"dejarik_wrapper",
	"systems":	[{
			"systemName":	"dejarik_wrapper",
			"systemDesc":	"dejarik_wrapper",
			"sysIsBootAutoGen":	"true",
			"systemDispName":	"dejarik_wrapper"
		}]
}
TRACE::2024-01-20.10:23:14::SCWWriter::formatted JSON is {
	"platformName":	"dejarik_wrapper",
	"sprVersion":	"2.0",
	"mode":	"gui",
	"dsaType":	"Fixed",
	"platformDesc":	"dejarik_wrapper",
	"platHandOff":	"C:/Users/peneb/Desktop/git/dejarik/fpga_dejarik/dejarik_wrapper.xsa",
	"platIntHandOff":	"<platformDir>/hw/dejarik_wrapper.xsa",
	"deviceType":	"FPGA",
	"platIsPrebuiltAutogen":	"false",
	"platIsNoBootBsp":	"false",
	"hasFsblMakeHasChanges":	"false",
	"hasPmufwMakeHasChanges":	"false",
	"platPreBuiltFlag":	false,
	"platformSamplesDir":	"",
	"platActiveSys":	"dejarik_wrapper",
	"systems":	[{
			"systemName":	"dejarik_wrapper",
			"systemDesc":	"dejarik_wrapper",
			"sysIsBootAutoGen":	"true",
			"systemDispName":	"dejarik_wrapper"
		}]
}
TRACE::2024-01-20.10:23:14::SCWPlatform::Trying to open the hw design at C:/Users/peneb/Desktop/git/dejarik/vitis_workspace/dejarik_wrapper/hw/dejarik_wrapper.xsa
TRACE::2024-01-20.10:23:14::SCWPlatform::DSA given C:/Users/peneb/Desktop/git/dejarik/vitis_workspace/dejarik_wrapper/hw/dejarik_wrapper.xsa
TRACE::2024-01-20.10:23:14::SCWPlatform::DSA absoulate path C:/Users/peneb/Desktop/git/dejarik/vitis_workspace/dejarik_wrapper/hw/dejarik_wrapper.xsa
TRACE::2024-01-20.10:23:14::SCWPlatform::DSA directory C:/Users/peneb/Desktop/git/dejarik/vitis_workspace/dejarik_wrapper/hw
TRACE::2024-01-20.10:23:14::SCWPlatform:: Platform Path C:/Users/peneb/Desktop/git/dejarik/vitis_workspace/dejarik_wrapper/hw/dejarik_wrapper.xsa
TRACE::2024-01-20.10:23:14::SCWPlatform:: Unique name xilinx:arty-a7-35::0.0
TRACE::2024-01-20.10:23:14::SCWPlatform::Trying to set the existing hwdb with name dejarik_wrapper_0
TRACE::2024-01-20.10:23:14::SCWPlatform::Opened existing hwdb dejarik_wrapper_0
TRACE::2024-01-20.10:23:14::SCWPlatform::Found the Hw Db part of the input DSA
TRACE::2024-01-20.10:23:14::SCWPlatform::Trying to open the hw design at C:/Users/peneb/Desktop/git/dejarik/vitis_workspace/dejarik_wrapper/hw/dejarik_wrapper.xsa
TRACE::2024-01-20.10:23:14::SCWPlatform::DSA given C:/Users/peneb/Desktop/git/dejarik/vitis_workspace/dejarik_wrapper/hw/dejarik_wrapper.xsa
TRACE::2024-01-20.10:23:14::SCWPlatform::DSA absoulate path C:/Users/peneb/Desktop/git/dejarik/vitis_workspace/dejarik_wrapper/hw/dejarik_wrapper.xsa
TRACE::2024-01-20.10:23:14::SCWPlatform::DSA directory C:/Users/peneb/Desktop/git/dejarik/vitis_workspace/dejarik_wrapper/hw
TRACE::2024-01-20.10:23:14::SCWPlatform:: Platform Path C:/Users/peneb/Desktop/git/dejarik/vitis_workspace/dejarik_wrapper/hw/dejarik_wrapper.xsa
TRACE::2024-01-20.10:23:14::SCWPlatform:: Unique name xilinx:arty-a7-35::0.0
TRACE::2024-01-20.10:23:14::SCWPlatform::Trying to set the existing hwdb with name dejarik_wrapper_0
TRACE::2024-01-20.10:23:14::SCWPlatform::Opened existing hwdb dejarik_wrapper_0
TRACE::2024-01-20.10:23:14::SCWPlatform::Found the Hw Db part of the input DSA
TRACE::2024-01-20.10:23:14::SCWDomain::checking for install qemu data   : 
TRACE::2024-01-20.10:23:14::SCWPlatform::Trying to open the hw design at C:/Users/peneb/Desktop/git/dejarik/vitis_workspace/dejarik_wrapper/hw/dejarik_wrapper.xsa
TRACE::2024-01-20.10:23:14::SCWPlatform::DSA given C:/Users/peneb/Desktop/git/dejarik/vitis_workspace/dejarik_wrapper/hw/dejarik_wrapper.xsa
TRACE::2024-01-20.10:23:14::SCWPlatform::DSA absoulate path C:/Users/peneb/Desktop/git/dejarik/vitis_workspace/dejarik_wrapper/hw/dejarik_wrapper.xsa
TRACE::2024-01-20.10:23:14::SCWPlatform::DSA directory C:/Users/peneb/Desktop/git/dejarik/vitis_workspace/dejarik_wrapper/hw
TRACE::2024-01-20.10:23:14::SCWPlatform:: Platform Path C:/Users/peneb/Desktop/git/dejarik/vitis_workspace/dejarik_wrapper/hw/dejarik_wrapper.xsa
TRACE::2024-01-20.10:23:14::SCWPlatform:: Unique name xilinx:arty-a7-35::0.0
TRACE::2024-01-20.10:23:14::SCWPlatform::Trying to set the existing hwdb with name dejarik_wrapper_0
TRACE::2024-01-20.10:23:14::SCWPlatform::Opened existing hwdb dejarik_wrapper_0
TRACE::2024-01-20.10:23:14::SCWPlatform::Found the Hw Db part of the input DSA
TRACE::2024-01-20.10:23:14::SCWPlatform::Trying to open the hw design at C:/Users/peneb/Desktop/git/dejarik/vitis_workspace/dejarik_wrapper/hw/dejarik_wrapper.xsa
TRACE::2024-01-20.10:23:14::SCWPlatform::DSA given C:/Users/peneb/Desktop/git/dejarik/vitis_workspace/dejarik_wrapper/hw/dejarik_wrapper.xsa
TRACE::2024-01-20.10:23:14::SCWPlatform::DSA absoulate path C:/Users/peneb/Desktop/git/dejarik/vitis_workspace/dejarik_wrapper/hw/dejarik_wrapper.xsa
TRACE::2024-01-20.10:23:14::SCWPlatform::DSA directory C:/Users/peneb/Desktop/git/dejarik/vitis_workspace/dejarik_wrapper/hw
TRACE::2024-01-20.10:23:14::SCWPlatform:: Platform Path C:/Users/peneb/Desktop/git/dejarik/vitis_workspace/dejarik_wrapper/hw/dejarik_wrapper.xsa
TRACE::2024-01-20.10:23:14::SCWPlatform:: Unique name xilinx:arty-a7-35::0.0
TRACE::2024-01-20.10:23:14::SCWPlatform::Trying to set the existing hwdb with name dejarik_wrapper_0
TRACE::2024-01-20.10:23:14::SCWPlatform::Opened existing hwdb dejarik_wrapper_0
TRACE::2024-01-20.10:23:14::SCWPlatform::Found the Hw Db part of the input DSA
TRACE::2024-01-20.10:23:14::SCWPlatform::Trying to open the hw design at C:/Users/peneb/Desktop/git/dejarik/vitis_workspace/dejarik_wrapper/hw/dejarik_wrapper.xsa
TRACE::2024-01-20.10:23:14::SCWPlatform::DSA given C:/Users/peneb/Desktop/git/dejarik/vitis_workspace/dejarik_wrapper/hw/dejarik_wrapper.xsa
TRACE::2024-01-20.10:23:14::SCWPlatform::DSA absoulate path C:/Users/peneb/Desktop/git/dejarik/vitis_workspace/dejarik_wrapper/hw/dejarik_wrapper.xsa
TRACE::2024-01-20.10:23:14::SCWPlatform::DSA directory C:/Users/peneb/Desktop/git/dejarik/vitis_workspace/dejarik_wrapper/hw
TRACE::2024-01-20.10:23:14::SCWPlatform:: Platform Path C:/Users/peneb/Desktop/git/dejarik/vitis_workspace/dejarik_wrapper/hw/dejarik_wrapper.xsa
TRACE::2024-01-20.10:23:14::SCWPlatform:: Unique name xilinx:arty-a7-35::0.0
TRACE::2024-01-20.10:23:14::SCWPlatform::Trying to set the existing hwdb with name dejarik_wrapper_0
TRACE::2024-01-20.10:23:14::SCWPlatform::Opened existing hwdb dejarik_wrapper_0
TRACE::2024-01-20.10:23:14::SCWPlatform::Found the Hw Db part of the input DSA
TRACE::2024-01-20.10:23:14::SCWMssOS::Checking the sw design at  C:/Users/peneb/Desktop/git/dejarik/vitis_workspace/dejarik_wrapper/microblaze_0/standalone_microblaze_0/bsp/system.mss
TRACE::2024-01-20.10:23:14::SCWMssOS::DEBUG:  swdes dump  
TRACE::2024-01-20.10:23:14::SCWMssOS::No sw design opened at  C:/Users/peneb/Desktop/git/dejarik/vitis_workspace/dejarik_wrapper/microblaze_0/standalone_microblaze_0/bsp/system.mss
TRACE::2024-01-20.10:23:14::SCWMssOS::mss does not exists at C:/Users/peneb/Desktop/git/dejarik/vitis_workspace/dejarik_wrapper/microblaze_0/standalone_microblaze_0/bsp/system.mss
TRACE::2024-01-20.10:23:14::SCWMssOS::Creating sw design at  C:/Users/peneb/Desktop/git/dejarik/vitis_workspace/dejarik_wrapper/microblaze_0/standalone_microblaze_0/bsp/system.mss
TRACE::2024-01-20.10:23:14::SCWMssOS::Adding the swdes entry, created swdb C:/Users/peneb/Desktop/git/dejarik/vitis_workspace/dejarik_wrapper/microblaze_0/standalone_microblaze_0/bsp/system.mss with des name C:/Users/peneb/Desktop/git/dejarik/vitis_workspace/dejarik_wrapper/microblaze_0/standalone_microblaze_0/bsp/system.mss
TRACE::2024-01-20.10:23:14::SCWMssOS::updating the scw layer changes to swdes at   C:/Users/peneb/Desktop/git/dejarik/vitis_workspace/dejarik_wrapper/microblaze_0/standalone_microblaze_0/bsp/system.mss
TRACE::2024-01-20.10:23:14::SCWMssOS::Writing mss at C:/Users/peneb/Desktop/git/dejarik/vitis_workspace/dejarik_wrapper/microblaze_0/standalone_microblaze_0/bsp/system.mss
TRACE::2024-01-20.10:23:14::SCWMssOS::Completed writing the mss file at C:/Users/peneb/Desktop/git/dejarik/vitis_workspace/dejarik_wrapper/microblaze_0/standalone_microblaze_0/bsp
TRACE::2024-01-20.10:23:14::SCWMssOS::Picking up changes from newly written mss file into SCW Layer. 
TRACE::2024-01-20.10:23:14::SCWMssOS::Updated the changes from newly written mss file into SCW Layer. 
TRACE::2024-01-20.10:23:14::SCWMssOS::Completed writing the mss file at C:/Users/peneb/Desktop/git/dejarik/vitis_workspace/dejarik_wrapper/microblaze_0/standalone_microblaze_0/bsp
TRACE::2024-01-20.10:23:14::SCWMssOS::Forcing BSP Sources regeneration.
TRACE::2024-01-20.10:23:16::SCWMssOS::Saving the mss changes C:/Users/peneb/Desktop/git/dejarik/vitis_workspace/dejarik_wrapper/microblaze_0/standalone_microblaze_0/bsp/system.mss
TRACE::2024-01-20.10:23:16::SCWMssOS::Adding the swdes entry, mss present, able to open swdb C:/Users/peneb/Desktop/git/dejarik/vitis_workspace/dejarik_wrapper/microblaze_0/standalone_microblaze_0/bsp/system.mss with des name system
TRACE::2024-01-20.10:23:16::SCWMssOS::Writing the mss file completed C:/Users/peneb/Desktop/git/dejarik/vitis_workspace/dejarik_wrapper/microblaze_0/standalone_microblaze_0/bsp/system.mss
TRACE::2024-01-20.10:23:16::SCWMssOS::Commit changes completed.
TRACE::2024-01-20.10:23:16::SCWPlatform::Trying to open the hw design at C:/Users/peneb/Desktop/git/dejarik/vitis_workspace/dejarik_wrapper/hw/dejarik_wrapper.xsa
TRACE::2024-01-20.10:23:16::SCWPlatform::DSA given C:/Users/peneb/Desktop/git/dejarik/vitis_workspace/dejarik_wrapper/hw/dejarik_wrapper.xsa
TRACE::2024-01-20.10:23:16::SCWPlatform::DSA absoulate path C:/Users/peneb/Desktop/git/dejarik/vitis_workspace/dejarik_wrapper/hw/dejarik_wrapper.xsa
TRACE::2024-01-20.10:23:16::SCWPlatform::DSA directory C:/Users/peneb/Desktop/git/dejarik/vitis_workspace/dejarik_wrapper/hw
TRACE::2024-01-20.10:23:16::SCWPlatform:: Platform Path C:/Users/peneb/Desktop/git/dejarik/vitis_workspace/dejarik_wrapper/hw/dejarik_wrapper.xsa
TRACE::2024-01-20.10:23:16::SCWPlatform:: Unique name xilinx:arty-a7-35::0.0
TRACE::2024-01-20.10:23:16::SCWPlatform::Trying to set the existing hwdb with name dejarik_wrapper_0
TRACE::2024-01-20.10:23:16::SCWPlatform::Opened existing hwdb dejarik_wrapper_0
TRACE::2024-01-20.10:23:16::SCWPlatform::Found the Hw Db part of the input DSA
TRACE::2024-01-20.10:23:16::SCWMssOS::Checking the sw design at  C:/Users/peneb/Desktop/git/dejarik/vitis_workspace/dejarik_wrapper/microblaze_0/standalone_microblaze_0/bsp/system.mss
TRACE::2024-01-20.10:23:16::SCWMssOS::DEBUG:  swdes dump  C:/Users/peneb/Desktop/git/dejarik/vitis_workspace/dejarik_wrapper/microblaze_0/standalone_microblaze_0/bsp/system.mss|system||

TRACE::2024-01-20.10:23:16::SCWMssOS::Sw design exists and opened at  C:/Users/peneb/Desktop/git/dejarik/vitis_workspace/dejarik_wrapper/microblaze_0/standalone_microblaze_0/bsp/system.mss
TRACE::2024-01-20.10:23:16::SCWPlatform::Trying to open the hw design at C:/Users/peneb/Desktop/git/dejarik/vitis_workspace/dejarik_wrapper/hw/dejarik_wrapper.xsa
TRACE::2024-01-20.10:23:16::SCWPlatform::DSA given C:/Users/peneb/Desktop/git/dejarik/vitis_workspace/dejarik_wrapper/hw/dejarik_wrapper.xsa
TRACE::2024-01-20.10:23:16::SCWPlatform::DSA absoulate path C:/Users/peneb/Desktop/git/dejarik/vitis_workspace/dejarik_wrapper/hw/dejarik_wrapper.xsa
TRACE::2024-01-20.10:23:16::SCWPlatform::DSA directory C:/Users/peneb/Desktop/git/dejarik/vitis_workspace/dejarik_wrapper/hw
TRACE::2024-01-20.10:23:16::SCWPlatform:: Platform Path C:/Users/peneb/Desktop/git/dejarik/vitis_workspace/dejarik_wrapper/hw/dejarik_wrapper.xsa
TRACE::2024-01-20.10:23:16::SCWPlatform:: Unique name xilinx:arty-a7-35::0.0
TRACE::2024-01-20.10:23:16::SCWPlatform::Trying to set the existing hwdb with name dejarik_wrapper_0
TRACE::2024-01-20.10:23:16::SCWPlatform::Opened existing hwdb dejarik_wrapper_0
TRACE::2024-01-20.10:23:16::SCWPlatform::Found the Hw Db part of the input DSA
TRACE::2024-01-20.10:23:16::SCWMssOS::Checking the sw design at  C:/Users/peneb/Desktop/git/dejarik/vitis_workspace/dejarik_wrapper/microblaze_0/standalone_microblaze_0/bsp/system.mss
TRACE::2024-01-20.10:23:16::SCWMssOS::DEBUG:  swdes dump  C:/Users/peneb/Desktop/git/dejarik/vitis_workspace/dejarik_wrapper/microblaze_0/standalone_microblaze_0/bsp/system.mss|system||

TRACE::2024-01-20.10:23:16::SCWMssOS::Sw design exists and opened at  C:/Users/peneb/Desktop/git/dejarik/vitis_workspace/dejarik_wrapper/microblaze_0/standalone_microblaze_0/bsp/system.mss
TRACE::2024-01-20.10:23:16::SCWPlatform::Trying to open the hw design at C:/Users/peneb/Desktop/git/dejarik/vitis_workspace/dejarik_wrapper/hw/dejarik_wrapper.xsa
TRACE::2024-01-20.10:23:16::SCWPlatform::DSA given C:/Users/peneb/Desktop/git/dejarik/vitis_workspace/dejarik_wrapper/hw/dejarik_wrapper.xsa
TRACE::2024-01-20.10:23:16::SCWPlatform::DSA absoulate path C:/Users/peneb/Desktop/git/dejarik/vitis_workspace/dejarik_wrapper/hw/dejarik_wrapper.xsa
TRACE::2024-01-20.10:23:16::SCWPlatform::DSA directory C:/Users/peneb/Desktop/git/dejarik/vitis_workspace/dejarik_wrapper/hw
TRACE::2024-01-20.10:23:16::SCWPlatform:: Platform Path C:/Users/peneb/Desktop/git/dejarik/vitis_workspace/dejarik_wrapper/hw/dejarik_wrapper.xsa
TRACE::2024-01-20.10:23:16::SCWPlatform:: Unique name xilinx:arty-a7-35::0.0
TRACE::2024-01-20.10:23:16::SCWPlatform::Trying to set the existing hwdb with name dejarik_wrapper_0
TRACE::2024-01-20.10:23:16::SCWPlatform::Opened existing hwdb dejarik_wrapper_0
TRACE::2024-01-20.10:23:16::SCWPlatform::Found the Hw Db part of the input DSA
TRACE::2024-01-20.10:23:16::SCWMssOS::Checking the sw design at  C:/Users/peneb/Desktop/git/dejarik/vitis_workspace/dejarik_wrapper/microblaze_0/standalone_microblaze_0/bsp/system.mss
TRACE::2024-01-20.10:23:16::SCWMssOS::DEBUG:  swdes dump  C:/Users/peneb/Desktop/git/dejarik/vitis_workspace/dejarik_wrapper/microblaze_0/standalone_microblaze_0/bsp/system.mss|system||

TRACE::2024-01-20.10:23:16::SCWMssOS::Sw design exists and opened at  C:/Users/peneb/Desktop/git/dejarik/vitis_workspace/dejarik_wrapper/microblaze_0/standalone_microblaze_0/bsp/system.mss
TRACE::2024-01-20.10:23:16::SCWWriter::formatted JSON is {
	"platformName":	"dejarik_wrapper",
	"sprVersion":	"2.0",
	"mode":	"gui",
	"dsaType":	"Fixed",
	"platformDesc":	"dejarik_wrapper",
	"platHandOff":	"C:/Users/peneb/Desktop/git/dejarik/fpga_dejarik/dejarik_wrapper.xsa",
	"platIntHandOff":	"<platformDir>/hw/dejarik_wrapper.xsa",
	"deviceType":	"FPGA",
	"platIsPrebuiltAutogen":	"false",
	"platIsNoBootBsp":	"false",
	"hasFsblMakeHasChanges":	"false",
	"hasPmufwMakeHasChanges":	"false",
	"platPreBuiltFlag":	false,
	"platformSamplesDir":	"",
	"platActiveSys":	"dejarik_wrapper",
	"systems":	[{
			"systemName":	"dejarik_wrapper",
			"systemDesc":	"dejarik_wrapper",
			"sysIsBootAutoGen":	"true",
			"systemDispName":	"dejarik_wrapper",
			"sysActiveDom":	"standalone_microblaze_0",
			"sysDefaultDom":	"standalone_microblaze_0",
			"domains":	[{
					"domainName":	"standalone_microblaze_0",
					"domainDispName":	"standalone_microblaze_0",
					"domainDesc":	"standalone_microblaze_0",
					"processors":	"microblaze_0",
					"os":	"standalone",
					"sdxOs":	"standalone",
					"debugEnable":	"False",
					"domRuntimes":	["cpp"],
					"swRepo":	"",
					"mssOsVer":	"7.7",
					"mssFile":	"",
					"md5Digest":	"77dfcfa934d25a7565a038f9eb5a6dca",
					"compatibleApp":	"hello_world",
					"domType":	"mssDomain",
					"arch":	"32-bit",
					"appSettings":	{
						"appCompilerFlags":	"",
						"appLinkerFlags":	""
					},
					"addedLibs":	[],
					"libOptions":	{
						"libsContainingOptions":	[]
					},
					"prebuiltLibs":	{
						"prebuiltIncPath":	[],
						"prebuiltLibPath":	[]
					},
					"isolation":	{
					}
				}]
		}]
}
LOG::2024-01-20.10:23:16::SCWPlatform::Started generating the artifacts platform dejarik_wrapper
TRACE::2024-01-20.10:23:16::SCWPlatform::Sanity checking of platform is completed
LOG::2024-01-20.10:23:16::SCWPlatform::Started generating the artifacts for system configuration dejarik_wrapper
LOG::2024-01-20.10:23:16::SCWSystem::Checking the domain standalone_microblaze_0
LOG::2024-01-20.10:23:16::SCWSystem::Not a boot domain 
LOG::2024-01-20.10:23:16::SCWSystem::Started Processing the domain standalone_microblaze_0
TRACE::2024-01-20.10:23:16::SCWDomain::Generating domain artifcats
TRACE::2024-01-20.10:23:16::SCWMssOS::Generating standalone artifcats
TRACE::2024-01-20.10:23:16::SCWMssOS:: Copying the user libraries. 
TRACE::2024-01-20.10:23:16::SCWPlatform::Trying to open the hw design at C:/Users/peneb/Desktop/git/dejarik/vitis_workspace/dejarik_wrapper/hw/dejarik_wrapper.xsa
TRACE::2024-01-20.10:23:16::SCWPlatform::DSA given C:/Users/peneb/Desktop/git/dejarik/vitis_workspace/dejarik_wrapper/hw/dejarik_wrapper.xsa
TRACE::2024-01-20.10:23:16::SCWPlatform::DSA absoulate path C:/Users/peneb/Desktop/git/dejarik/vitis_workspace/dejarik_wrapper/hw/dejarik_wrapper.xsa
TRACE::2024-01-20.10:23:16::SCWPlatform::DSA directory C:/Users/peneb/Desktop/git/dejarik/vitis_workspace/dejarik_wrapper/hw
TRACE::2024-01-20.10:23:16::SCWPlatform:: Platform Path C:/Users/peneb/Desktop/git/dejarik/vitis_workspace/dejarik_wrapper/hw/dejarik_wrapper.xsa
TRACE::2024-01-20.10:23:16::SCWPlatform:: Unique name xilinx:arty-a7-35::0.0
TRACE::2024-01-20.10:23:16::SCWPlatform::Trying to set the existing hwdb with name dejarik_wrapper_0
TRACE::2024-01-20.10:23:16::SCWPlatform::Opened existing hwdb dejarik_wrapper_0
TRACE::2024-01-20.10:23:16::SCWPlatform::Found the Hw Db part of the input DSA
TRACE::2024-01-20.10:23:16::SCWMssOS::Checking the sw design at  C:/Users/peneb/Desktop/git/dejarik/vitis_workspace/dejarik_wrapper/microblaze_0/standalone_microblaze_0/bsp/system.mss
TRACE::2024-01-20.10:23:16::SCWMssOS::DEBUG:  swdes dump  C:/Users/peneb/Desktop/git/dejarik/vitis_workspace/dejarik_wrapper/microblaze_0/standalone_microblaze_0/bsp/system.mss|system||

TRACE::2024-01-20.10:23:16::SCWMssOS::Sw design exists and opened at  C:/Users/peneb/Desktop/git/dejarik/vitis_workspace/dejarik_wrapper/microblaze_0/standalone_microblaze_0/bsp/system.mss
TRACE::2024-01-20.10:23:16::SCWMssOS::Completed writing the mss file at C:/Users/peneb/Desktop/git/dejarik/vitis_workspace/dejarik_wrapper/microblaze_0/standalone_microblaze_0/bsp
TRACE::2024-01-20.10:23:16::SCWMssOS::Mss edits present, copying mssfile into export location C:/Users/peneb/Desktop/git/dejarik/vitis_workspace/dejarik_wrapper/microblaze_0/standalone_microblaze_0/bsp/system.mss
TRACE::2024-01-20.10:23:16::SCWMssOS::bsp generated is upto date with the mss file. Skipping bsp generation.
TRACE::2024-01-20.10:23:16::SCWMssOS::BSP is already built. skipping the bsp build ... 
TRACE::2024-01-20.10:23:16::SCWDomain::Skipping the build for domain :  standalone_microblaze_0
TRACE::2024-01-20.10:23:16::SCWMssOS::skipping the bsp build ... 
TRACE::2024-01-20.10:23:16::SCWMssOS::Copying to export directory.
TRACE::2024-01-20.10:23:16::SCWMssOS:: Checking if to create the Supporting Applications
TRACE::2024-01-20.10:23:16::SCWMssOS:: No Linux domain exists, trying to generate FSBL 
LOG::2024-01-20.10:23:16::SCWSystem::Completed Processing the domain standalone_microblaze_0
LOG::2024-01-20.10:23:16::SCWSystem::Completed Processing the sysconfig dejarik_wrapper
LOG::2024-01-20.10:23:16::SCWPlatform::Completed generating the artifacts for system configuration dejarik_wrapper
TRACE::2024-01-20.10:23:16::SCWPlatform::Started preparing the platform 
TRACE::2024-01-20.10:23:16::SCWSystem::Writing the bif file for system config dejarik_wrapper
TRACE::2024-01-20.10:23:16::SCWSystem::dir created 
TRACE::2024-01-20.10:23:16::SCWSystem::Writing the bif 
TRACE::2024-01-20.10:23:16::SCWPlatform::Started writing the spfm file 
TRACE::2024-01-20.10:23:16::SCWPlatform::Started writing the xpfm file 
TRACE::2024-01-20.10:23:16::SCWPlatform::Completed generating the platform
TRACE::2024-01-20.10:23:16::SCWMssOS::Saving the mss changes C:/Users/peneb/Desktop/git/dejarik/vitis_workspace/dejarik_wrapper/microblaze_0/standalone_microblaze_0/bsp/system.mss
TRACE::2024-01-20.10:23:16::SCWMssOS::Found a swdesign opened with the mssfile.
TRACE::2024-01-20.10:23:16::SCWMssOS::Completed writemss as part of save.
TRACE::2024-01-20.10:23:16::SCWMssOS::Commit changes completed.
TRACE::2024-01-20.10:23:16::SCWPlatform::Trying to open the hw design at C:/Users/peneb/Desktop/git/dejarik/vitis_workspace/dejarik_wrapper/hw/dejarik_wrapper.xsa
TRACE::2024-01-20.10:23:16::SCWPlatform::DSA given C:/Users/peneb/Desktop/git/dejarik/vitis_workspace/dejarik_wrapper/hw/dejarik_wrapper.xsa
TRACE::2024-01-20.10:23:16::SCWPlatform::DSA absoulate path C:/Users/peneb/Desktop/git/dejarik/vitis_workspace/dejarik_wrapper/hw/dejarik_wrapper.xsa
TRACE::2024-01-20.10:23:16::SCWPlatform::DSA directory C:/Users/peneb/Desktop/git/dejarik/vitis_workspace/dejarik_wrapper/hw
TRACE::2024-01-20.10:23:16::SCWPlatform:: Platform Path C:/Users/peneb/Desktop/git/dejarik/vitis_workspace/dejarik_wrapper/hw/dejarik_wrapper.xsa
TRACE::2024-01-20.10:23:16::SCWPlatform:: Unique name xilinx:arty-a7-35::0.0
TRACE::2024-01-20.10:23:16::SCWPlatform::Trying to set the existing hwdb with name dejarik_wrapper_0
TRACE::2024-01-20.10:23:16::SCWPlatform::Opened existing hwdb dejarik_wrapper_0
TRACE::2024-01-20.10:23:16::SCWPlatform::Found the Hw Db part of the input DSA
TRACE::2024-01-20.10:23:16::SCWMssOS::Checking the sw design at  C:/Users/peneb/Desktop/git/dejarik/vitis_workspace/dejarik_wrapper/microblaze_0/standalone_microblaze_0/bsp/system.mss
TRACE::2024-01-20.10:23:16::SCWMssOS::DEBUG:  swdes dump  C:/Users/peneb/Desktop/git/dejarik/vitis_workspace/dejarik_wrapper/microblaze_0/standalone_microblaze_0/bsp/system.mss|system||

TRACE::2024-01-20.10:23:16::SCWMssOS::Sw design exists and opened at  C:/Users/peneb/Desktop/git/dejarik/vitis_workspace/dejarik_wrapper/microblaze_0/standalone_microblaze_0/bsp/system.mss
TRACE::2024-01-20.10:23:16::SCWPlatform::Trying to open the hw design at C:/Users/peneb/Desktop/git/dejarik/vitis_workspace/dejarik_wrapper/hw/dejarik_wrapper.xsa
TRACE::2024-01-20.10:23:16::SCWPlatform::DSA given C:/Users/peneb/Desktop/git/dejarik/vitis_workspace/dejarik_wrapper/hw/dejarik_wrapper.xsa
TRACE::2024-01-20.10:23:16::SCWPlatform::DSA absoulate path C:/Users/peneb/Desktop/git/dejarik/vitis_workspace/dejarik_wrapper/hw/dejarik_wrapper.xsa
TRACE::2024-01-20.10:23:16::SCWPlatform::DSA directory C:/Users/peneb/Desktop/git/dejarik/vitis_workspace/dejarik_wrapper/hw
TRACE::2024-01-20.10:23:16::SCWPlatform:: Platform Path C:/Users/peneb/Desktop/git/dejarik/vitis_workspace/dejarik_wrapper/hw/dejarik_wrapper.xsa
TRACE::2024-01-20.10:23:16::SCWPlatform:: Unique name xilinx:arty-a7-35::0.0
TRACE::2024-01-20.10:23:16::SCWPlatform::Trying to set the existing hwdb with name dejarik_wrapper_0
TRACE::2024-01-20.10:23:16::SCWPlatform::Opened existing hwdb dejarik_wrapper_0
TRACE::2024-01-20.10:23:16::SCWPlatform::Found the Hw Db part of the input DSA
TRACE::2024-01-20.10:23:16::SCWMssOS::Checking the sw design at  C:/Users/peneb/Desktop/git/dejarik/vitis_workspace/dejarik_wrapper/microblaze_0/standalone_microblaze_0/bsp/system.mss
TRACE::2024-01-20.10:23:16::SCWMssOS::DEBUG:  swdes dump  C:/Users/peneb/Desktop/git/dejarik/vitis_workspace/dejarik_wrapper/microblaze_0/standalone_microblaze_0/bsp/system.mss|system||

TRACE::2024-01-20.10:23:16::SCWMssOS::Sw design exists and opened at  C:/Users/peneb/Desktop/git/dejarik/vitis_workspace/dejarik_wrapper/microblaze_0/standalone_microblaze_0/bsp/system.mss
TRACE::2024-01-20.10:23:16::SCWPlatform::Trying to open the hw design at C:/Users/peneb/Desktop/git/dejarik/vitis_workspace/dejarik_wrapper/hw/dejarik_wrapper.xsa
TRACE::2024-01-20.10:23:16::SCWPlatform::DSA given C:/Users/peneb/Desktop/git/dejarik/vitis_workspace/dejarik_wrapper/hw/dejarik_wrapper.xsa
TRACE::2024-01-20.10:23:16::SCWPlatform::DSA absoulate path C:/Users/peneb/Desktop/git/dejarik/vitis_workspace/dejarik_wrapper/hw/dejarik_wrapper.xsa
TRACE::2024-01-20.10:23:16::SCWPlatform::DSA directory C:/Users/peneb/Desktop/git/dejarik/vitis_workspace/dejarik_wrapper/hw
TRACE::2024-01-20.10:23:16::SCWPlatform:: Platform Path C:/Users/peneb/Desktop/git/dejarik/vitis_workspace/dejarik_wrapper/hw/dejarik_wrapper.xsa
TRACE::2024-01-20.10:23:16::SCWPlatform:: Unique name xilinx:arty-a7-35::0.0
TRACE::2024-01-20.10:23:16::SCWPlatform::Trying to set the existing hwdb with name dejarik_wrapper_0
TRACE::2024-01-20.10:23:16::SCWPlatform::Opened existing hwdb dejarik_wrapper_0
TRACE::2024-01-20.10:23:16::SCWPlatform::Found the Hw Db part of the input DSA
TRACE::2024-01-20.10:23:16::SCWMssOS::Checking the sw design at  C:/Users/peneb/Desktop/git/dejarik/vitis_workspace/dejarik_wrapper/microblaze_0/standalone_microblaze_0/bsp/system.mss
TRACE::2024-01-20.10:23:16::SCWMssOS::DEBUG:  swdes dump  C:/Users/peneb/Desktop/git/dejarik/vitis_workspace/dejarik_wrapper/microblaze_0/standalone_microblaze_0/bsp/system.mss|system||

TRACE::2024-01-20.10:23:16::SCWMssOS::Sw design exists and opened at  C:/Users/peneb/Desktop/git/dejarik/vitis_workspace/dejarik_wrapper/microblaze_0/standalone_microblaze_0/bsp/system.mss
TRACE::2024-01-20.10:23:16::SCWWriter::formatted JSON is {
	"platformName":	"dejarik_wrapper",
	"sprVersion":	"2.0",
	"mode":	"gui",
	"dsaType":	"Fixed",
	"platformDesc":	"dejarik_wrapper",
	"platHandOff":	"C:/Users/peneb/Desktop/git/dejarik/fpga_dejarik/dejarik_wrapper.xsa",
	"platIntHandOff":	"<platformDir>/hw/dejarik_wrapper.xsa",
	"deviceType":	"FPGA",
	"platIsPrebuiltAutogen":	"false",
	"platIsNoBootBsp":	"false",
	"hasFsblMakeHasChanges":	"false",
	"hasPmufwMakeHasChanges":	"false",
	"platPreBuiltFlag":	false,
	"platformSamplesDir":	"",
	"platActiveSys":	"dejarik_wrapper",
	"systems":	[{
			"systemName":	"dejarik_wrapper",
			"systemDesc":	"dejarik_wrapper",
			"sysIsBootAutoGen":	"true",
			"systemDispName":	"dejarik_wrapper",
			"sysActiveDom":	"standalone_microblaze_0",
			"sysDefaultDom":	"standalone_microblaze_0",
			"domains":	[{
					"domainName":	"standalone_microblaze_0",
					"domainDispName":	"standalone_microblaze_0",
					"domainDesc":	"standalone_microblaze_0",
					"processors":	"microblaze_0",
					"os":	"standalone",
					"sdxOs":	"standalone",
					"debugEnable":	"False",
					"domRuntimes":	["cpp"],
					"swRepo":	"",
					"mssOsVer":	"7.7",
					"mssFile":	"",
					"md5Digest":	"77dfcfa934d25a7565a038f9eb5a6dca",
					"compatibleApp":	"hello_world",
					"domType":	"mssDomain",
					"arch":	"32-bit",
					"appSettings":	{
						"appCompilerFlags":	"",
						"appLinkerFlags":	""
					},
					"addedLibs":	[],
					"libOptions":	{
						"libsContainingOptions":	[]
					},
					"prebuiltLibs":	{
						"prebuiltIncPath":	[],
						"prebuiltLibPath":	[]
					},
					"isolation":	{
					}
				}]
		}]
}
KEYINFO::2024-01-20.10:23:16::SCWPlatform::updated the xpfm file.
TRACE::2024-01-20.10:23:17::SCWPlatform::Trying to open the hw design at C:/Users/peneb/Desktop/git/dejarik/vitis_workspace/dejarik_wrapper/hw/dejarik_wrapper.xsa
TRACE::2024-01-20.10:23:17::SCWPlatform::DSA given C:/Users/peneb/Desktop/git/dejarik/vitis_workspace/dejarik_wrapper/hw/dejarik_wrapper.xsa
TRACE::2024-01-20.10:23:17::SCWPlatform::DSA absoulate path C:/Users/peneb/Desktop/git/dejarik/vitis_workspace/dejarik_wrapper/hw/dejarik_wrapper.xsa
TRACE::2024-01-20.10:23:17::SCWPlatform::DSA directory C:/Users/peneb/Desktop/git/dejarik/vitis_workspace/dejarik_wrapper/hw
TRACE::2024-01-20.10:23:17::SCWPlatform:: Platform Path C:/Users/peneb/Desktop/git/dejarik/vitis_workspace/dejarik_wrapper/hw/dejarik_wrapper.xsa
TRACE::2024-01-20.10:23:17::SCWPlatform:: Unique name xilinx:arty-a7-35::0.0
TRACE::2024-01-20.10:23:17::SCWPlatform::Trying to set the existing hwdb with name dejarik_wrapper_0
TRACE::2024-01-20.10:23:17::SCWPlatform::Opened existing hwdb dejarik_wrapper_0
TRACE::2024-01-20.10:23:17::SCWPlatform::Found the Hw Db part of the input DSA
TRACE::2024-01-20.10:23:17::SCWMssOS::Checking the sw design at  C:/Users/peneb/Desktop/git/dejarik/vitis_workspace/dejarik_wrapper/microblaze_0/standalone_microblaze_0/bsp/system.mss
TRACE::2024-01-20.10:23:17::SCWMssOS::DEBUG:  swdes dump  C:/Users/peneb/Desktop/git/dejarik/vitis_workspace/dejarik_wrapper/microblaze_0/standalone_microblaze_0/bsp/system.mss|system||

TRACE::2024-01-20.10:23:17::SCWMssOS::Sw design exists and opened at  C:/Users/peneb/Desktop/git/dejarik/vitis_workspace/dejarik_wrapper/microblaze_0/standalone_microblaze_0/bsp/system.mss
TRACE::2024-01-20.10:23:17::SCWMssOS::Saving the mss changes C:/Users/peneb/Desktop/git/dejarik/vitis_workspace/dejarik_wrapper/microblaze_0/standalone_microblaze_0/bsp/system.mss
TRACE::2024-01-20.10:23:17::SCWMssOS::Found a swdesign opened with the mssfile.
TRACE::2024-01-20.10:23:17::SCWMssOS::Completed writemss as part of save.
TRACE::2024-01-20.10:23:17::SCWMssOS::Commit changes completed.
TRACE::2024-01-20.10:23:17::SCWPlatform::Trying to open the hw design at C:/Users/peneb/Desktop/git/dejarik/vitis_workspace/dejarik_wrapper/hw/dejarik_wrapper.xsa
TRACE::2024-01-20.10:23:17::SCWPlatform::DSA given C:/Users/peneb/Desktop/git/dejarik/vitis_workspace/dejarik_wrapper/hw/dejarik_wrapper.xsa
TRACE::2024-01-20.10:23:17::SCWPlatform::DSA absoulate path C:/Users/peneb/Desktop/git/dejarik/vitis_workspace/dejarik_wrapper/hw/dejarik_wrapper.xsa
TRACE::2024-01-20.10:23:17::SCWPlatform::DSA directory C:/Users/peneb/Desktop/git/dejarik/vitis_workspace/dejarik_wrapper/hw
TRACE::2024-01-20.10:23:17::SCWPlatform:: Platform Path C:/Users/peneb/Desktop/git/dejarik/vitis_workspace/dejarik_wrapper/hw/dejarik_wrapper.xsa
TRACE::2024-01-20.10:23:17::SCWPlatform:: Unique name xilinx:arty-a7-35::0.0
TRACE::2024-01-20.10:23:17::SCWPlatform::Trying to set the existing hwdb with name dejarik_wrapper_0
TRACE::2024-01-20.10:23:17::SCWPlatform::Opened existing hwdb dejarik_wrapper_0
TRACE::2024-01-20.10:23:17::SCWPlatform::Found the Hw Db part of the input DSA
TRACE::2024-01-20.10:23:17::SCWMssOS::Checking the sw design at  C:/Users/peneb/Desktop/git/dejarik/vitis_workspace/dejarik_wrapper/microblaze_0/standalone_microblaze_0/bsp/system.mss
TRACE::2024-01-20.10:23:17::SCWMssOS::DEBUG:  swdes dump  C:/Users/peneb/Desktop/git/dejarik/vitis_workspace/dejarik_wrapper/microblaze_0/standalone_microblaze_0/bsp/system.mss|system||

TRACE::2024-01-20.10:23:17::SCWMssOS::Sw design exists and opened at  C:/Users/peneb/Desktop/git/dejarik/vitis_workspace/dejarik_wrapper/microblaze_0/standalone_microblaze_0/bsp/system.mss
TRACE::2024-01-20.10:23:17::SCWPlatform::Trying to open the hw design at C:/Users/peneb/Desktop/git/dejarik/vitis_workspace/dejarik_wrapper/hw/dejarik_wrapper.xsa
TRACE::2024-01-20.10:23:17::SCWPlatform::DSA given C:/Users/peneb/Desktop/git/dejarik/vitis_workspace/dejarik_wrapper/hw/dejarik_wrapper.xsa
TRACE::2024-01-20.10:23:17::SCWPlatform::DSA absoulate path C:/Users/peneb/Desktop/git/dejarik/vitis_workspace/dejarik_wrapper/hw/dejarik_wrapper.xsa
TRACE::2024-01-20.10:23:17::SCWPlatform::DSA directory C:/Users/peneb/Desktop/git/dejarik/vitis_workspace/dejarik_wrapper/hw
TRACE::2024-01-20.10:23:17::SCWPlatform:: Platform Path C:/Users/peneb/Desktop/git/dejarik/vitis_workspace/dejarik_wrapper/hw/dejarik_wrapper.xsa
TRACE::2024-01-20.10:23:17::SCWPlatform:: Unique name xilinx:arty-a7-35::0.0
TRACE::2024-01-20.10:23:17::SCWPlatform::Trying to set the existing hwdb with name dejarik_wrapper_0
TRACE::2024-01-20.10:23:17::SCWPlatform::Opened existing hwdb dejarik_wrapper_0
TRACE::2024-01-20.10:23:17::SCWPlatform::Found the Hw Db part of the input DSA
TRACE::2024-01-20.10:23:17::SCWMssOS::Checking the sw design at  C:/Users/peneb/Desktop/git/dejarik/vitis_workspace/dejarik_wrapper/microblaze_0/standalone_microblaze_0/bsp/system.mss
TRACE::2024-01-20.10:23:17::SCWMssOS::DEBUG:  swdes dump  C:/Users/peneb/Desktop/git/dejarik/vitis_workspace/dejarik_wrapper/microblaze_0/standalone_microblaze_0/bsp/system.mss|system||

TRACE::2024-01-20.10:23:17::SCWMssOS::Sw design exists and opened at  C:/Users/peneb/Desktop/git/dejarik/vitis_workspace/dejarik_wrapper/microblaze_0/standalone_microblaze_0/bsp/system.mss
TRACE::2024-01-20.10:23:17::SCWPlatform::Trying to open the hw design at C:/Users/peneb/Desktop/git/dejarik/vitis_workspace/dejarik_wrapper/hw/dejarik_wrapper.xsa
TRACE::2024-01-20.10:23:17::SCWPlatform::DSA given C:/Users/peneb/Desktop/git/dejarik/vitis_workspace/dejarik_wrapper/hw/dejarik_wrapper.xsa
TRACE::2024-01-20.10:23:17::SCWPlatform::DSA absoulate path C:/Users/peneb/Desktop/git/dejarik/vitis_workspace/dejarik_wrapper/hw/dejarik_wrapper.xsa
TRACE::2024-01-20.10:23:17::SCWPlatform::DSA directory C:/Users/peneb/Desktop/git/dejarik/vitis_workspace/dejarik_wrapper/hw
TRACE::2024-01-20.10:23:17::SCWPlatform:: Platform Path C:/Users/peneb/Desktop/git/dejarik/vitis_workspace/dejarik_wrapper/hw/dejarik_wrapper.xsa
TRACE::2024-01-20.10:23:17::SCWPlatform:: Unique name xilinx:arty-a7-35::0.0
TRACE::2024-01-20.10:23:17::SCWPlatform::Trying to set the existing hwdb with name dejarik_wrapper_0
TRACE::2024-01-20.10:23:17::SCWPlatform::Opened existing hwdb dejarik_wrapper_0
TRACE::2024-01-20.10:23:17::SCWPlatform::Found the Hw Db part of the input DSA
TRACE::2024-01-20.10:23:17::SCWMssOS::Checking the sw design at  C:/Users/peneb/Desktop/git/dejarik/vitis_workspace/dejarik_wrapper/microblaze_0/standalone_microblaze_0/bsp/system.mss
TRACE::2024-01-20.10:23:17::SCWMssOS::DEBUG:  swdes dump  C:/Users/peneb/Desktop/git/dejarik/vitis_workspace/dejarik_wrapper/microblaze_0/standalone_microblaze_0/bsp/system.mss|system||

TRACE::2024-01-20.10:23:17::SCWMssOS::Sw design exists and opened at  C:/Users/peneb/Desktop/git/dejarik/vitis_workspace/dejarik_wrapper/microblaze_0/standalone_microblaze_0/bsp/system.mss
TRACE::2024-01-20.10:23:17::SCWWriter::formatted JSON is {
	"platformName":	"dejarik_wrapper",
	"sprVersion":	"2.0",
	"mode":	"gui",
	"dsaType":	"Fixed",
	"platformDesc":	"dejarik_wrapper",
	"platHandOff":	"C:/Users/peneb/Desktop/git/dejarik/fpga_dejarik/dejarik_wrapper.xsa",
	"platIntHandOff":	"<platformDir>/hw/dejarik_wrapper.xsa",
	"deviceType":	"FPGA",
	"platIsPrebuiltAutogen":	"false",
	"platIsNoBootBsp":	"false",
	"hasFsblMakeHasChanges":	"false",
	"hasPmufwMakeHasChanges":	"false",
	"platPreBuiltFlag":	false,
	"platformSamplesDir":	"",
	"platActiveSys":	"dejarik_wrapper",
	"systems":	[{
			"systemName":	"dejarik_wrapper",
			"systemDesc":	"dejarik_wrapper",
			"sysIsBootAutoGen":	"true",
			"systemDispName":	"dejarik_wrapper",
			"sysActiveDom":	"standalone_microblaze_0",
			"sysDefaultDom":	"standalone_microblaze_0",
			"domains":	[{
					"domainName":	"standalone_microblaze_0",
					"domainDispName":	"standalone_microblaze_0",
					"domainDesc":	"standalone_microblaze_0",
					"processors":	"microblaze_0",
					"os":	"standalone",
					"sdxOs":	"standalone",
					"debugEnable":	"False",
					"domRuntimes":	["cpp"],
					"swRepo":	"",
					"mssOsVer":	"7.7",
					"mssFile":	"",
					"md5Digest":	"77dfcfa934d25a7565a038f9eb5a6dca",
					"compatibleApp":	"hello_world",
					"domType":	"mssDomain",
					"arch":	"32-bit",
					"appSettings":	{
						"appCompilerFlags":	"",
						"appLinkerFlags":	""
					},
					"addedLibs":	[],
					"libOptions":	{
						"libsContainingOptions":	[]
					},
					"prebuiltLibs":	{
						"prebuiltIncPath":	[],
						"prebuiltLibPath":	[]
					},
					"isolation":	{
					}
				}]
		}]
}
TRACE::2024-01-20.10:23:17::SCWPlatform::Trying to open the hw design at C:/Users/peneb/Desktop/git/dejarik/vitis_workspace/dejarik_wrapper/hw/dejarik_wrapper.xsa
TRACE::2024-01-20.10:23:17::SCWPlatform::DSA given C:/Users/peneb/Desktop/git/dejarik/vitis_workspace/dejarik_wrapper/hw/dejarik_wrapper.xsa
TRACE::2024-01-20.10:23:17::SCWPlatform::DSA absoulate path C:/Users/peneb/Desktop/git/dejarik/vitis_workspace/dejarik_wrapper/hw/dejarik_wrapper.xsa
TRACE::2024-01-20.10:23:17::SCWPlatform::DSA directory C:/Users/peneb/Desktop/git/dejarik/vitis_workspace/dejarik_wrapper/hw
TRACE::2024-01-20.10:23:17::SCWPlatform:: Platform Path C:/Users/peneb/Desktop/git/dejarik/vitis_workspace/dejarik_wrapper/hw/dejarik_wrapper.xsa
TRACE::2024-01-20.10:23:17::SCWPlatform:: Unique name xilinx:arty-a7-35::0.0
TRACE::2024-01-20.10:23:17::SCWPlatform::Trying to set the existing hwdb with name dejarik_wrapper_0
TRACE::2024-01-20.10:23:17::SCWPlatform::Opened existing hwdb dejarik_wrapper_0
TRACE::2024-01-20.10:23:17::SCWPlatform::Found the Hw Db part of the input DSA
TRACE::2024-01-20.10:23:17::SCWMssOS::Checking the sw design at  C:/Users/peneb/Desktop/git/dejarik/vitis_workspace/dejarik_wrapper/microblaze_0/standalone_microblaze_0/bsp/system.mss
TRACE::2024-01-20.10:23:17::SCWMssOS::DEBUG:  swdes dump  C:/Users/peneb/Desktop/git/dejarik/vitis_workspace/dejarik_wrapper/microblaze_0/standalone_microblaze_0/bsp/system.mss|system||

TRACE::2024-01-20.10:23:17::SCWMssOS::Sw design exists and opened at  C:/Users/peneb/Desktop/git/dejarik/vitis_workspace/dejarik_wrapper/microblaze_0/standalone_microblaze_0/bsp/system.mss
TRACE::2024-01-20.10:23:17::SCWPlatform::Trying to open the hw design at C:/Users/peneb/Desktop/git/dejarik/vitis_workspace/dejarik_wrapper/hw/dejarik_wrapper.xsa
TRACE::2024-01-20.10:23:17::SCWPlatform::DSA given C:/Users/peneb/Desktop/git/dejarik/vitis_workspace/dejarik_wrapper/hw/dejarik_wrapper.xsa
TRACE::2024-01-20.10:23:17::SCWPlatform::DSA absoulate path C:/Users/peneb/Desktop/git/dejarik/vitis_workspace/dejarik_wrapper/hw/dejarik_wrapper.xsa
TRACE::2024-01-20.10:23:17::SCWPlatform::DSA directory C:/Users/peneb/Desktop/git/dejarik/vitis_workspace/dejarik_wrapper/hw
TRACE::2024-01-20.10:23:17::SCWPlatform:: Platform Path C:/Users/peneb/Desktop/git/dejarik/vitis_workspace/dejarik_wrapper/hw/dejarik_wrapper.xsa
TRACE::2024-01-20.10:23:17::SCWPlatform:: Unique name xilinx:arty-a7-35::0.0
TRACE::2024-01-20.10:23:17::SCWPlatform::Trying to set the existing hwdb with name dejarik_wrapper_0
TRACE::2024-01-20.10:23:17::SCWPlatform::Opened existing hwdb dejarik_wrapper_0
TRACE::2024-01-20.10:23:17::SCWPlatform::Found the Hw Db part of the input DSA
TRACE::2024-01-20.10:23:17::SCWMssOS::Checking the sw design at  C:/Users/peneb/Desktop/git/dejarik/vitis_workspace/dejarik_wrapper/microblaze_0/standalone_microblaze_0/bsp/system.mss
TRACE::2024-01-20.10:23:17::SCWMssOS::DEBUG:  swdes dump  C:/Users/peneb/Desktop/git/dejarik/vitis_workspace/dejarik_wrapper/microblaze_0/standalone_microblaze_0/bsp/system.mss|system||

TRACE::2024-01-20.10:23:17::SCWMssOS::Sw design exists and opened at  C:/Users/peneb/Desktop/git/dejarik/vitis_workspace/dejarik_wrapper/microblaze_0/standalone_microblaze_0/bsp/system.mss
TRACE::2024-01-20.10:23:17::SCWMssOS::Saving the mss changes C:/Users/peneb/Desktop/git/dejarik/vitis_workspace/dejarik_wrapper/microblaze_0/standalone_microblaze_0/bsp/system.mss
TRACE::2024-01-20.10:23:17::SCWMssOS::Found a swdesign opened with the mssfile.
TRACE::2024-01-20.10:23:17::SCWMssOS::Completed writemss as part of save.
TRACE::2024-01-20.10:23:17::SCWMssOS::Commit changes completed.
TRACE::2024-01-20.10:23:17::SCWPlatform::Trying to open the hw design at C:/Users/peneb/Desktop/git/dejarik/vitis_workspace/dejarik_wrapper/hw/dejarik_wrapper.xsa
TRACE::2024-01-20.10:23:17::SCWPlatform::DSA given C:/Users/peneb/Desktop/git/dejarik/vitis_workspace/dejarik_wrapper/hw/dejarik_wrapper.xsa
TRACE::2024-01-20.10:23:17::SCWPlatform::DSA absoulate path C:/Users/peneb/Desktop/git/dejarik/vitis_workspace/dejarik_wrapper/hw/dejarik_wrapper.xsa
TRACE::2024-01-20.10:23:17::SCWPlatform::DSA directory C:/Users/peneb/Desktop/git/dejarik/vitis_workspace/dejarik_wrapper/hw
TRACE::2024-01-20.10:23:17::SCWPlatform:: Platform Path C:/Users/peneb/Desktop/git/dejarik/vitis_workspace/dejarik_wrapper/hw/dejarik_wrapper.xsa
TRACE::2024-01-20.10:23:17::SCWPlatform:: Unique name xilinx:arty-a7-35::0.0
TRACE::2024-01-20.10:23:17::SCWPlatform::Trying to set the existing hwdb with name dejarik_wrapper_0
TRACE::2024-01-20.10:23:17::SCWPlatform::Opened existing hwdb dejarik_wrapper_0
TRACE::2024-01-20.10:23:17::SCWPlatform::Found the Hw Db part of the input DSA
TRACE::2024-01-20.10:23:17::SCWMssOS::Checking the sw design at  C:/Users/peneb/Desktop/git/dejarik/vitis_workspace/dejarik_wrapper/microblaze_0/standalone_microblaze_0/bsp/system.mss
TRACE::2024-01-20.10:23:17::SCWMssOS::DEBUG:  swdes dump  C:/Users/peneb/Desktop/git/dejarik/vitis_workspace/dejarik_wrapper/microblaze_0/standalone_microblaze_0/bsp/system.mss|system||

TRACE::2024-01-20.10:23:17::SCWMssOS::Sw design exists and opened at  C:/Users/peneb/Desktop/git/dejarik/vitis_workspace/dejarik_wrapper/microblaze_0/standalone_microblaze_0/bsp/system.mss
TRACE::2024-01-20.10:23:17::SCWPlatform::Trying to open the hw design at C:/Users/peneb/Desktop/git/dejarik/vitis_workspace/dejarik_wrapper/hw/dejarik_wrapper.xsa
TRACE::2024-01-20.10:23:17::SCWPlatform::DSA given C:/Users/peneb/Desktop/git/dejarik/vitis_workspace/dejarik_wrapper/hw/dejarik_wrapper.xsa
TRACE::2024-01-20.10:23:17::SCWPlatform::DSA absoulate path C:/Users/peneb/Desktop/git/dejarik/vitis_workspace/dejarik_wrapper/hw/dejarik_wrapper.xsa
TRACE::2024-01-20.10:23:17::SCWPlatform::DSA directory C:/Users/peneb/Desktop/git/dejarik/vitis_workspace/dejarik_wrapper/hw
TRACE::2024-01-20.10:23:17::SCWPlatform:: Platform Path C:/Users/peneb/Desktop/git/dejarik/vitis_workspace/dejarik_wrapper/hw/dejarik_wrapper.xsa
TRACE::2024-01-20.10:23:17::SCWPlatform:: Unique name xilinx:arty-a7-35::0.0
TRACE::2024-01-20.10:23:17::SCWPlatform::Trying to set the existing hwdb with name dejarik_wrapper_0
TRACE::2024-01-20.10:23:17::SCWPlatform::Opened existing hwdb dejarik_wrapper_0
TRACE::2024-01-20.10:23:17::SCWPlatform::Found the Hw Db part of the input DSA
TRACE::2024-01-20.10:23:17::SCWMssOS::Checking the sw design at  C:/Users/peneb/Desktop/git/dejarik/vitis_workspace/dejarik_wrapper/microblaze_0/standalone_microblaze_0/bsp/system.mss
TRACE::2024-01-20.10:23:17::SCWMssOS::DEBUG:  swdes dump  C:/Users/peneb/Desktop/git/dejarik/vitis_workspace/dejarik_wrapper/microblaze_0/standalone_microblaze_0/bsp/system.mss|system||

TRACE::2024-01-20.10:23:17::SCWMssOS::Sw design exists and opened at  C:/Users/peneb/Desktop/git/dejarik/vitis_workspace/dejarik_wrapper/microblaze_0/standalone_microblaze_0/bsp/system.mss
TRACE::2024-01-20.10:23:17::SCWPlatform::Trying to open the hw design at C:/Users/peneb/Desktop/git/dejarik/vitis_workspace/dejarik_wrapper/hw/dejarik_wrapper.xsa
TRACE::2024-01-20.10:23:17::SCWPlatform::DSA given C:/Users/peneb/Desktop/git/dejarik/vitis_workspace/dejarik_wrapper/hw/dejarik_wrapper.xsa
TRACE::2024-01-20.10:23:17::SCWPlatform::DSA absoulate path C:/Users/peneb/Desktop/git/dejarik/vitis_workspace/dejarik_wrapper/hw/dejarik_wrapper.xsa
TRACE::2024-01-20.10:23:17::SCWPlatform::DSA directory C:/Users/peneb/Desktop/git/dejarik/vitis_workspace/dejarik_wrapper/hw
TRACE::2024-01-20.10:23:17::SCWPlatform:: Platform Path C:/Users/peneb/Desktop/git/dejarik/vitis_workspace/dejarik_wrapper/hw/dejarik_wrapper.xsa
TRACE::2024-01-20.10:23:17::SCWPlatform:: Unique name xilinx:arty-a7-35::0.0
TRACE::2024-01-20.10:23:17::SCWPlatform::Trying to set the existing hwdb with name dejarik_wrapper_0
TRACE::2024-01-20.10:23:17::SCWPlatform::Opened existing hwdb dejarik_wrapper_0
TRACE::2024-01-20.10:23:17::SCWPlatform::Found the Hw Db part of the input DSA
TRACE::2024-01-20.10:23:17::SCWMssOS::Checking the sw design at  C:/Users/peneb/Desktop/git/dejarik/vitis_workspace/dejarik_wrapper/microblaze_0/standalone_microblaze_0/bsp/system.mss
TRACE::2024-01-20.10:23:17::SCWMssOS::DEBUG:  swdes dump  C:/Users/peneb/Desktop/git/dejarik/vitis_workspace/dejarik_wrapper/microblaze_0/standalone_microblaze_0/bsp/system.mss|system||

TRACE::2024-01-20.10:23:17::SCWMssOS::Sw design exists and opened at  C:/Users/peneb/Desktop/git/dejarik/vitis_workspace/dejarik_wrapper/microblaze_0/standalone_microblaze_0/bsp/system.mss
TRACE::2024-01-20.10:23:17::SCWWriter::formatted JSON is {
	"platformName":	"dejarik_wrapper",
	"sprVersion":	"2.0",
	"mode":	"gui",
	"dsaType":	"Fixed",
	"platformDesc":	"dejarik_wrapper",
	"platHandOff":	"C:/Users/peneb/Desktop/git/dejarik/fpga_dejarik/dejarik_wrapper.xsa",
	"platIntHandOff":	"<platformDir>/hw/dejarik_wrapper.xsa",
	"deviceType":	"FPGA",
	"platIsPrebuiltAutogen":	"false",
	"platIsNoBootBsp":	"false",
	"hasFsblMakeHasChanges":	"false",
	"hasPmufwMakeHasChanges":	"false",
	"platPreBuiltFlag":	false,
	"platformSamplesDir":	"",
	"platActiveSys":	"dejarik_wrapper",
	"systems":	[{
			"systemName":	"dejarik_wrapper",
			"systemDesc":	"dejarik_wrapper",
			"sysIsBootAutoGen":	"true",
			"systemDispName":	"dejarik_wrapper",
			"sysActiveDom":	"standalone_microblaze_0",
			"sysDefaultDom":	"standalone_microblaze_0",
			"domains":	[{
					"domainName":	"standalone_microblaze_0",
					"domainDispName":	"standalone_microblaze_0",
					"domainDesc":	"standalone_microblaze_0",
					"processors":	"microblaze_0",
					"os":	"standalone",
					"sdxOs":	"standalone",
					"debugEnable":	"False",
					"domRuntimes":	["cpp"],
					"swRepo":	"",
					"mssOsVer":	"7.7",
					"mssFile":	"",
					"md5Digest":	"77dfcfa934d25a7565a038f9eb5a6dca",
					"compatibleApp":	"hello_world",
					"domType":	"mssDomain",
					"arch":	"32-bit",
					"appSettings":	{
						"appCompilerFlags":	"",
						"appLinkerFlags":	""
					},
					"addedLibs":	[],
					"libOptions":	{
						"libsContainingOptions":	[]
					},
					"prebuiltLibs":	{
						"prebuiltIncPath":	[],
						"prebuiltLibPath":	[]
					},
					"isolation":	{
					}
				}]
		}]
}
LOG::2024-01-20.10:23:17::SCWPlatform::Started generating the artifacts platform dejarik_wrapper
TRACE::2024-01-20.10:23:17::SCWPlatform::Sanity checking of platform is completed
LOG::2024-01-20.10:23:17::SCWPlatform::Started generating the artifacts for system configuration dejarik_wrapper
LOG::2024-01-20.10:23:17::SCWSystem::Started Processing the domain standalone_microblaze_0
TRACE::2024-01-20.10:23:17::SCWDomain::Generating domain artifcats
TRACE::2024-01-20.10:23:17::SCWMssOS::Generating standalone artifcats
TRACE::2024-01-20.10:23:17::SCWMssOS:: Copying the user libraries. 
TRACE::2024-01-20.10:23:17::SCWPlatform::Trying to open the hw design at C:/Users/peneb/Desktop/git/dejarik/vitis_workspace/dejarik_wrapper/hw/dejarik_wrapper.xsa
TRACE::2024-01-20.10:23:17::SCWPlatform::DSA given C:/Users/peneb/Desktop/git/dejarik/vitis_workspace/dejarik_wrapper/hw/dejarik_wrapper.xsa
TRACE::2024-01-20.10:23:17::SCWPlatform::DSA absoulate path C:/Users/peneb/Desktop/git/dejarik/vitis_workspace/dejarik_wrapper/hw/dejarik_wrapper.xsa
TRACE::2024-01-20.10:23:17::SCWPlatform::DSA directory C:/Users/peneb/Desktop/git/dejarik/vitis_workspace/dejarik_wrapper/hw
TRACE::2024-01-20.10:23:17::SCWPlatform:: Platform Path C:/Users/peneb/Desktop/git/dejarik/vitis_workspace/dejarik_wrapper/hw/dejarik_wrapper.xsa
TRACE::2024-01-20.10:23:17::SCWPlatform:: Unique name xilinx:arty-a7-35::0.0
TRACE::2024-01-20.10:23:17::SCWPlatform::Trying to set the existing hwdb with name dejarik_wrapper_0
TRACE::2024-01-20.10:23:17::SCWPlatform::Opened existing hwdb dejarik_wrapper_0
TRACE::2024-01-20.10:23:17::SCWPlatform::Found the Hw Db part of the input DSA
TRACE::2024-01-20.10:23:17::SCWMssOS::Checking the sw design at  C:/Users/peneb/Desktop/git/dejarik/vitis_workspace/dejarik_wrapper/microblaze_0/standalone_microblaze_0/bsp/system.mss
TRACE::2024-01-20.10:23:17::SCWMssOS::DEBUG:  swdes dump  C:/Users/peneb/Desktop/git/dejarik/vitis_workspace/dejarik_wrapper/microblaze_0/standalone_microblaze_0/bsp/system.mss|system||

TRACE::2024-01-20.10:23:17::SCWMssOS::Sw design exists and opened at  C:/Users/peneb/Desktop/git/dejarik/vitis_workspace/dejarik_wrapper/microblaze_0/standalone_microblaze_0/bsp/system.mss
TRACE::2024-01-20.10:23:17::SCWMssOS::Completed writing the mss file at C:/Users/peneb/Desktop/git/dejarik/vitis_workspace/dejarik_wrapper/microblaze_0/standalone_microblaze_0/bsp
TRACE::2024-01-20.10:23:17::SCWMssOS::Mss edits present, copying mssfile into export location C:/Users/peneb/Desktop/git/dejarik/vitis_workspace/dejarik_wrapper/microblaze_0/standalone_microblaze_0/bsp/system.mss
TRACE::2024-01-20.10:23:17::SCWMssOS::bsp generated is upto date with the mss file. Skipping bsp generation.
TRACE::2024-01-20.10:23:17::SCWMssOS::BSP is already built. skipping the bsp build ... 
TRACE::2024-01-20.10:23:17::SCWDomain::Building the domain as part of full build :  standalone_microblaze_0
TRACE::2024-01-20.10:23:17::SCWMssOS::skipping the bsp build ... 
TRACE::2024-01-20.10:23:17::SCWMssOS::Copying to export directory.
TRACE::2024-01-20.10:23:17::SCWMssOS:: Checking if to create the Supporting Applications
TRACE::2024-01-20.10:23:17::SCWMssOS:: No Linux domain exists, trying to generate FSBL 
LOG::2024-01-20.10:23:17::SCWSystem::Completed Processing the domain standalone_microblaze_0
LOG::2024-01-20.10:23:17::SCWSystem::Completed Processing the sysconfig dejarik_wrapper
LOG::2024-01-20.10:23:17::SCWPlatform::Completed generating the artifacts for system configuration dejarik_wrapper
TRACE::2024-01-20.10:23:17::SCWPlatform::Started preparing the platform 
TRACE::2024-01-20.10:23:17::SCWSystem::Writing the bif file for system config dejarik_wrapper
TRACE::2024-01-20.10:23:17::SCWSystem::dir created 
TRACE::2024-01-20.10:23:17::SCWSystem::Writing the bif 
TRACE::2024-01-20.10:23:17::SCWPlatform::Started writing the spfm file 
TRACE::2024-01-20.10:23:17::SCWPlatform::Started writing the xpfm file 
TRACE::2024-01-20.10:23:17::SCWPlatform::Completed generating the platform
TRACE::2024-01-20.10:23:17::SCWMssOS::Saving the mss changes C:/Users/peneb/Desktop/git/dejarik/vitis_workspace/dejarik_wrapper/microblaze_0/standalone_microblaze_0/bsp/system.mss
TRACE::2024-01-20.10:23:17::SCWMssOS::Found a swdesign opened with the mssfile.
TRACE::2024-01-20.10:23:17::SCWMssOS::Completed writemss as part of save.
TRACE::2024-01-20.10:23:17::SCWMssOS::Commit changes completed.
TRACE::2024-01-20.10:23:17::SCWPlatform::Trying to open the hw design at C:/Users/peneb/Desktop/git/dejarik/vitis_workspace/dejarik_wrapper/hw/dejarik_wrapper.xsa
TRACE::2024-01-20.10:23:17::SCWPlatform::DSA given C:/Users/peneb/Desktop/git/dejarik/vitis_workspace/dejarik_wrapper/hw/dejarik_wrapper.xsa
TRACE::2024-01-20.10:23:17::SCWPlatform::DSA absoulate path C:/Users/peneb/Desktop/git/dejarik/vitis_workspace/dejarik_wrapper/hw/dejarik_wrapper.xsa
TRACE::2024-01-20.10:23:17::SCWPlatform::DSA directory C:/Users/peneb/Desktop/git/dejarik/vitis_workspace/dejarik_wrapper/hw
TRACE::2024-01-20.10:23:17::SCWPlatform:: Platform Path C:/Users/peneb/Desktop/git/dejarik/vitis_workspace/dejarik_wrapper/hw/dejarik_wrapper.xsa
TRACE::2024-01-20.10:23:17::SCWPlatform:: Unique name xilinx:arty-a7-35::0.0
TRACE::2024-01-20.10:23:17::SCWPlatform::Trying to set the existing hwdb with name dejarik_wrapper_0
TRACE::2024-01-20.10:23:17::SCWPlatform::Opened existing hwdb dejarik_wrapper_0
TRACE::2024-01-20.10:23:17::SCWPlatform::Found the Hw Db part of the input DSA
TRACE::2024-01-20.10:23:17::SCWMssOS::Checking the sw design at  C:/Users/peneb/Desktop/git/dejarik/vitis_workspace/dejarik_wrapper/microblaze_0/standalone_microblaze_0/bsp/system.mss
TRACE::2024-01-20.10:23:17::SCWMssOS::DEBUG:  swdes dump  C:/Users/peneb/Desktop/git/dejarik/vitis_workspace/dejarik_wrapper/microblaze_0/standalone_microblaze_0/bsp/system.mss|system||

TRACE::2024-01-20.10:23:17::SCWMssOS::Sw design exists and opened at  C:/Users/peneb/Desktop/git/dejarik/vitis_workspace/dejarik_wrapper/microblaze_0/standalone_microblaze_0/bsp/system.mss
TRACE::2024-01-20.10:23:17::SCWPlatform::Trying to open the hw design at C:/Users/peneb/Desktop/git/dejarik/vitis_workspace/dejarik_wrapper/hw/dejarik_wrapper.xsa
TRACE::2024-01-20.10:23:17::SCWPlatform::DSA given C:/Users/peneb/Desktop/git/dejarik/vitis_workspace/dejarik_wrapper/hw/dejarik_wrapper.xsa
TRACE::2024-01-20.10:23:17::SCWPlatform::DSA absoulate path C:/Users/peneb/Desktop/git/dejarik/vitis_workspace/dejarik_wrapper/hw/dejarik_wrapper.xsa
TRACE::2024-01-20.10:23:17::SCWPlatform::DSA directory C:/Users/peneb/Desktop/git/dejarik/vitis_workspace/dejarik_wrapper/hw
TRACE::2024-01-20.10:23:17::SCWPlatform:: Platform Path C:/Users/peneb/Desktop/git/dejarik/vitis_workspace/dejarik_wrapper/hw/dejarik_wrapper.xsa
TRACE::2024-01-20.10:23:17::SCWPlatform:: Unique name xilinx:arty-a7-35::0.0
TRACE::2024-01-20.10:23:17::SCWPlatform::Trying to set the existing hwdb with name dejarik_wrapper_0
TRACE::2024-01-20.10:23:17::SCWPlatform::Opened existing hwdb dejarik_wrapper_0
TRACE::2024-01-20.10:23:17::SCWPlatform::Found the Hw Db part of the input DSA
TRACE::2024-01-20.10:23:17::SCWMssOS::Checking the sw design at  C:/Users/peneb/Desktop/git/dejarik/vitis_workspace/dejarik_wrapper/microblaze_0/standalone_microblaze_0/bsp/system.mss
TRACE::2024-01-20.10:23:17::SCWMssOS::DEBUG:  swdes dump  C:/Users/peneb/Desktop/git/dejarik/vitis_workspace/dejarik_wrapper/microblaze_0/standalone_microblaze_0/bsp/system.mss|system||

TRACE::2024-01-20.10:23:17::SCWMssOS::Sw design exists and opened at  C:/Users/peneb/Desktop/git/dejarik/vitis_workspace/dejarik_wrapper/microblaze_0/standalone_microblaze_0/bsp/system.mss
TRACE::2024-01-20.10:23:17::SCWPlatform::Trying to open the hw design at C:/Users/peneb/Desktop/git/dejarik/vitis_workspace/dejarik_wrapper/hw/dejarik_wrapper.xsa
TRACE::2024-01-20.10:23:17::SCWPlatform::DSA given C:/Users/peneb/Desktop/git/dejarik/vitis_workspace/dejarik_wrapper/hw/dejarik_wrapper.xsa
TRACE::2024-01-20.10:23:17::SCWPlatform::DSA absoulate path C:/Users/peneb/Desktop/git/dejarik/vitis_workspace/dejarik_wrapper/hw/dejarik_wrapper.xsa
TRACE::2024-01-20.10:23:17::SCWPlatform::DSA directory C:/Users/peneb/Desktop/git/dejarik/vitis_workspace/dejarik_wrapper/hw
TRACE::2024-01-20.10:23:17::SCWPlatform:: Platform Path C:/Users/peneb/Desktop/git/dejarik/vitis_workspace/dejarik_wrapper/hw/dejarik_wrapper.xsa
TRACE::2024-01-20.10:23:17::SCWPlatform:: Unique name xilinx:arty-a7-35::0.0
TRACE::2024-01-20.10:23:17::SCWPlatform::Trying to set the existing hwdb with name dejarik_wrapper_0
TRACE::2024-01-20.10:23:17::SCWPlatform::Opened existing hwdb dejarik_wrapper_0
TRACE::2024-01-20.10:23:17::SCWPlatform::Found the Hw Db part of the input DSA
TRACE::2024-01-20.10:23:17::SCWMssOS::Checking the sw design at  C:/Users/peneb/Desktop/git/dejarik/vitis_workspace/dejarik_wrapper/microblaze_0/standalone_microblaze_0/bsp/system.mss
TRACE::2024-01-20.10:23:17::SCWMssOS::DEBUG:  swdes dump  C:/Users/peneb/Desktop/git/dejarik/vitis_workspace/dejarik_wrapper/microblaze_0/standalone_microblaze_0/bsp/system.mss|system||

TRACE::2024-01-20.10:23:17::SCWMssOS::Sw design exists and opened at  C:/Users/peneb/Desktop/git/dejarik/vitis_workspace/dejarik_wrapper/microblaze_0/standalone_microblaze_0/bsp/system.mss
TRACE::2024-01-20.10:23:17::SCWWriter::formatted JSON is {
	"platformName":	"dejarik_wrapper",
	"sprVersion":	"2.0",
	"mode":	"gui",
	"dsaType":	"Fixed",
	"platformDesc":	"dejarik_wrapper",
	"platHandOff":	"C:/Users/peneb/Desktop/git/dejarik/fpga_dejarik/dejarik_wrapper.xsa",
	"platIntHandOff":	"<platformDir>/hw/dejarik_wrapper.xsa",
	"deviceType":	"FPGA",
	"platIsPrebuiltAutogen":	"false",
	"platIsNoBootBsp":	"false",
	"hasFsblMakeHasChanges":	"false",
	"hasPmufwMakeHasChanges":	"false",
	"platPreBuiltFlag":	false,
	"platformSamplesDir":	"",
	"platActiveSys":	"dejarik_wrapper",
	"systems":	[{
			"systemName":	"dejarik_wrapper",
			"systemDesc":	"dejarik_wrapper",
			"sysIsBootAutoGen":	"true",
			"systemDispName":	"dejarik_wrapper",
			"sysActiveDom":	"standalone_microblaze_0",
			"sysDefaultDom":	"standalone_microblaze_0",
			"domains":	[{
					"domainName":	"standalone_microblaze_0",
					"domainDispName":	"standalone_microblaze_0",
					"domainDesc":	"standalone_microblaze_0",
					"processors":	"microblaze_0",
					"os":	"standalone",
					"sdxOs":	"standalone",
					"debugEnable":	"False",
					"domRuntimes":	["cpp"],
					"swRepo":	"",
					"mssOsVer":	"7.7",
					"mssFile":	"",
					"md5Digest":	"77dfcfa934d25a7565a038f9eb5a6dca",
					"compatibleApp":	"hello_world",
					"domType":	"mssDomain",
					"arch":	"32-bit",
					"appSettings":	{
						"appCompilerFlags":	"",
						"appLinkerFlags":	""
					},
					"addedLibs":	[],
					"libOptions":	{
						"libsContainingOptions":	[]
					},
					"prebuiltLibs":	{
						"prebuiltIncPath":	[],
						"prebuiltLibPath":	[]
					},
					"isolation":	{
					}
				}]
		}]
}
KEYINFO::2024-01-20.10:23:17::SCWPlatform::updated the xpfm file.
LOG::2024-01-20.10:23:35::SCWPlatform::Started generating the artifacts platform dejarik_wrapper
TRACE::2024-01-20.10:23:35::SCWPlatform::Sanity checking of platform is completed
LOG::2024-01-20.10:23:35::SCWPlatform::Started generating the artifacts for system configuration dejarik_wrapper
LOG::2024-01-20.10:23:35::SCWSystem::Checking the domain standalone_microblaze_0
LOG::2024-01-20.10:23:35::SCWSystem::Not a boot domain 
LOG::2024-01-20.10:23:35::SCWSystem::Started Processing the domain standalone_microblaze_0
TRACE::2024-01-20.10:23:35::SCWDomain::Generating domain artifcats
TRACE::2024-01-20.10:23:35::SCWMssOS::Generating standalone artifcats
TRACE::2024-01-20.10:23:35::SCWMssOS:: Copying the user libraries. 
TRACE::2024-01-20.10:23:35::SCWPlatform::Trying to open the hw design at C:/Users/peneb/Desktop/git/dejarik/vitis_workspace/dejarik_wrapper/hw/dejarik_wrapper.xsa
TRACE::2024-01-20.10:23:35::SCWPlatform::DSA given C:/Users/peneb/Desktop/git/dejarik/vitis_workspace/dejarik_wrapper/hw/dejarik_wrapper.xsa
TRACE::2024-01-20.10:23:35::SCWPlatform::DSA absoulate path C:/Users/peneb/Desktop/git/dejarik/vitis_workspace/dejarik_wrapper/hw/dejarik_wrapper.xsa
TRACE::2024-01-20.10:23:35::SCWPlatform::DSA directory C:/Users/peneb/Desktop/git/dejarik/vitis_workspace/dejarik_wrapper/hw
TRACE::2024-01-20.10:23:35::SCWPlatform:: Platform Path C:/Users/peneb/Desktop/git/dejarik/vitis_workspace/dejarik_wrapper/hw/dejarik_wrapper.xsa
TRACE::2024-01-20.10:23:35::SCWPlatform:: Unique name xilinx:arty-a7-35::0.0
TRACE::2024-01-20.10:23:35::SCWPlatform::Trying to set the existing hwdb with name dejarik_wrapper_0
TRACE::2024-01-20.10:23:35::SCWPlatform::Opened existing hwdb dejarik_wrapper_0
TRACE::2024-01-20.10:23:35::SCWPlatform::Found the Hw Db part of the input DSA
TRACE::2024-01-20.10:23:35::SCWMssOS::Checking the sw design at  C:/Users/peneb/Desktop/git/dejarik/vitis_workspace/dejarik_wrapper/microblaze_0/standalone_microblaze_0/bsp/system.mss
TRACE::2024-01-20.10:23:35::SCWMssOS::DEBUG:  swdes dump  C:/Users/peneb/Desktop/git/dejarik/vitis_workspace/dejarik_wrapper/microblaze_0/standalone_microblaze_0/bsp/system.mss|system||

TRACE::2024-01-20.10:23:35::SCWMssOS::Sw design exists and opened at  C:/Users/peneb/Desktop/git/dejarik/vitis_workspace/dejarik_wrapper/microblaze_0/standalone_microblaze_0/bsp/system.mss
TRACE::2024-01-20.10:23:35::SCWMssOS::Completed writing the mss file at C:/Users/peneb/Desktop/git/dejarik/vitis_workspace/dejarik_wrapper/microblaze_0/standalone_microblaze_0/bsp
TRACE::2024-01-20.10:23:35::SCWMssOS::Mss edits present, copying mssfile into export location C:/Users/peneb/Desktop/git/dejarik/vitis_workspace/dejarik_wrapper/microblaze_0/standalone_microblaze_0/bsp/system.mss
TRACE::2024-01-20.10:23:35::SCWMssOS::bsp generated is upto date with the mss file. Skipping bsp generation.
TRACE::2024-01-20.10:23:35::SCWMssOS::BSP is already built. skipping the bsp build ... 
TRACE::2024-01-20.10:23:35::SCWDomain::Building the domain as part of full build :  standalone_microblaze_0
TRACE::2024-01-20.10:23:35::SCWMssOS::doing bsp build ... 
TRACE::2024-01-20.10:23:35::SCWMssOS::System Command Ran  C: & cd  C:/Users/peneb/Desktop/git/dejarik/vitis_workspace/dejarik_wrapper/microblaze_0/standalone_microblaze_0/bsp & make 
TRACE::2024-01-20.10:23:35::SCWMssOS::make --no-print-directory seq_libs

TRACE::2024-01-20.10:23:35::SCWMssOS::"Running Make include in microblaze_0/libsrc/bram_v4_7/src"

TRACE::2024-01-20.10:23:35::SCWMssOS::make -C microblaze_0/libsrc/bram_v4_7/src -s include  "SHELL=CMD" "COMPILER=mb-gcc" "ASSEMBLER=mb-as" "ARCHIVER=mb-ar" "COMPILE
TRACE::2024-01-20.10:23:35::SCWMssOS::R_FLAGS=  -O2 -c -mcpu=v11.0 -mlittle-endian -mxl-soft-mul" "EXTRA_COMPILER_FLAGS=-g -ffunction-sections -fdata-sections -Wall 
TRACE::2024-01-20.10:23:35::SCWMssOS::-Wextra -fno-tree-loop-distribute-patterns"

TRACE::2024-01-20.10:23:35::SCWMssOS::"Running Make include in microblaze_0/libsrc/cpu_v2_15/src"

TRACE::2024-01-20.10:23:35::SCWMssOS::make -C microblaze_0/libsrc/cpu_v2_15/src -s include  "SHELL=CMD" "COMPILER=mb-gcc" "ASSEMBLER=mb-as" "ARCHIVER=mb-ar" "COMPILE
TRACE::2024-01-20.10:23:35::SCWMssOS::R_FLAGS=  -O2 -c -mcpu=v11.0 -mlittle-endian -mxl-soft-mul" "EXTRA_COMPILER_FLAGS=-g -ffunction-sections -fdata-sections -Wall 
TRACE::2024-01-20.10:23:35::SCWMssOS::-Wextra -fno-tree-loop-distribute-patterns"

TRACE::2024-01-20.10:23:35::SCWMssOS::"Running Make include in microblaze_0/libsrc/intc_v3_14/src"

TRACE::2024-01-20.10:23:35::SCWMssOS::make -C microblaze_0/libsrc/intc_v3_14/src -s include  "SHELL=CMD" "COMPILER=mb-gcc" "ASSEMBLER=mb-as" "ARCHIVER=mb-ar" "COMPIL
TRACE::2024-01-20.10:23:35::SCWMssOS::ER_FLAGS=  -O2 -c -mcpu=v11.0 -mlittle-endian -mxl-soft-mul" "EXTRA_COMPILER_FLAGS=-g -ffunction-sections -fdata-sections -Wall
TRACE::2024-01-20.10:23:35::SCWMssOS:: -Wextra -fno-tree-loop-distribute-patterns"

TRACE::2024-01-20.10:23:36::SCWMssOS::"Running Make include in microblaze_0/libsrc/matrix_controller_v1_0/src"

TRACE::2024-01-20.10:23:36::SCWMssOS::make -C microblaze_0/libsrc/matrix_controller_v1_0/src -s include  "SHELL=CMD" "COMPILER=mb-gcc" "ASSEMBLER=mb-as" "ARCHIVER=mb
TRACE::2024-01-20.10:23:36::SCWMssOS::-ar" "COMPILER_FLAGS=  -O2 -c -mcpu=v11.0 -mlittle-endian -mxl-soft-mul" "EXTRA_COMPILER_FLAGS=-g -ffunction-sections -fdata-se
TRACE::2024-01-20.10:23:36::SCWMssOS::ctions -Wall -Wextra -fno-tree-loop-distribute-patterns"

TRACE::2024-01-20.10:23:36::SCWMssOS::"Running Make include in microblaze_0/libsrc/standalone_v7_7/src"

TRACE::2024-01-20.10:23:36::SCWMssOS::make -C microblaze_0/libsrc/standalone_v7_7/src -s include  "SHELL=CMD" "COMPILER=mb-gcc" "ASSEMBLER=mb-as" "ARCHIVER=mb-ar" "C
TRACE::2024-01-20.10:23:36::SCWMssOS::OMPILER_FLAGS=  -O2 -c -mcpu=v11.0 -mlittle-endian -mxl-soft-mul" "EXTRA_COMPILER_FLAGS=-g -ffunction-sections -fdata-sections 
TRACE::2024-01-20.10:23:36::SCWMssOS::-Wall -Wextra -fno-tree-loop-distribute-patterns"

TRACE::2024-01-20.10:23:37::SCWMssOS::"Running Make include in microblaze_0/libsrc/uartlite_v3_7/src"

TRACE::2024-01-20.10:23:37::SCWMssOS::make -C microblaze_0/libsrc/uartlite_v3_7/src -s include  "SHELL=CMD" "COMPILER=mb-gcc" "ASSEMBLER=mb-as" "ARCHIVER=mb-ar" "COM
TRACE::2024-01-20.10:23:37::SCWMssOS::PILER_FLAGS=  -O2 -c -mcpu=v11.0 -mlittle-endian -mxl-soft-mul" "EXTRA_COMPILER_FLAGS=-g -ffunction-sections -fdata-sections -W
TRACE::2024-01-20.10:23:37::SCWMssOS::all -Wextra -fno-tree-loop-distribute-patterns"

TRACE::2024-01-20.10:23:37::SCWMssOS::"Running Make libs in microblaze_0/libsrc/matrix_controller_v1_0/src"

TRACE::2024-01-20.10:23:37::SCWMssOS::make -C microblaze_0/libsrc/matrix_controller_v1_0/src -s libs  "SHELL=CMD" "COMPILER=mb-gcc" "ASSEMBLER=mb-as" "ARCHIVER=mb-ar
TRACE::2024-01-20.10:23:37::SCWMssOS::" "COMPILER_FLAGS=  -O2 -c -mcpu=v11.0 -mlittle-endian -mxl-soft-mul" "EXTRA_COMPILER_FLAGS=-g -ffunction-sections -fdata-secti
TRACE::2024-01-20.10:23:37::SCWMssOS::ons -Wall -Wextra -fno-tree-loop-distribute-patterns"

TRACE::2024-01-20.10:23:37::SCWMssOS::"Compiling myip"

TRACE::2024-01-20.10:23:37::SCWMssOS::'Finished building libraries sequentially.'

TRACE::2024-01-20.10:23:37::SCWMssOS::make -j 14 --no-print-directory par_libs

TRACE::2024-01-20.10:23:37::SCWMssOS::"Running Make include in microblaze_0/libsrc/bram_v4_7/src"

TRACE::2024-01-20.10:23:37::SCWMssOS::make -C microblaze_0/libsrc/bram_v4_7/src -s include  "SHELL=CMD" "COMPILER=mb-gcc" "ASSEMBLER=mb-as" "ARCHIVER=mb-ar" "COMPILE
TRACE::2024-01-20.10:23:37::SCWMssOS::R_FLAGS=  -O2 -c -mcpu=v11.0 -mlittle-endian -mxl-soft-mul" "EXTRA_COMPILER_FLAGS=-g -ffunction-sections -fdata-sections -Wall 
TRACE::2024-01-20.10:23:37::SCWMssOS::-Wextra -fno-tree-loop-distribute-patterns"

TRACE::2024-01-20.10:23:37::SCWMssOS::"Running Make include in microblaze_0/libsrc/cpu_v2_15/src"

TRACE::2024-01-20.10:23:37::SCWMssOS::make -C microblaze_0/libsrc/cpu_v2_15/src -s include  "SHELL=CMD" "COMPILER=mb-gcc" "ASSEMBLER=mb-as" "ARCHIVER=mb-ar" "COMPILE
TRACE::2024-01-20.10:23:37::SCWMssOS::R_FLAGS=  -O2 -c -mcpu=v11.0 -mlittle-endian -mxl-soft-mul" "EXTRA_COMPILER_FLAGS=-g -ffunction-sections -fdata-sections -Wall 
TRACE::2024-01-20.10:23:37::SCWMssOS::-Wextra -fno-tree-loop-distribute-patterns"

TRACE::2024-01-20.10:23:37::SCWMssOS::"Running Make include in microblaze_0/libsrc/intc_v3_14/src"

TRACE::2024-01-20.10:23:37::SCWMssOS::make -C microblaze_0/libsrc/intc_v3_14/src -s include  "SHELL=CMD" "COMPILER=mb-gcc" "ASSEMBLER=mb-as" "ARCHIVER=mb-ar" "COMPIL
TRACE::2024-01-20.10:23:37::SCWMssOS::ER_FLAGS=  -O2 -c -mcpu=v11.0 -mlittle-endian -mxl-soft-mul" "EXTRA_COMPILER_FLAGS=-g -ffunction-sections -fdata-sections -Wall
TRACE::2024-01-20.10:23:37::SCWMssOS:: -Wextra -fno-tree-loop-distribute-patterns"

TRACE::2024-01-20.10:23:37::SCWMssOS::"Running Make include in microblaze_0/libsrc/matrix_controller_v1_0/src"

TRACE::2024-01-20.10:23:37::SCWMssOS::make -C microblaze_0/libsrc/matrix_controller_v1_0/src -s include  "SHELL=CMD" "COMPILER=mb-gcc" "ASSEMBLER=mb-as" "ARCHIVER=mb
TRACE::2024-01-20.10:23:37::SCWMssOS::-ar" "COMPILER_FLAGS=  -O2 -c -mcpu=v11.0 -mlittle-endian -mxl-soft-mul" "EXTRA_COMPILER_FLAGS=-g -ffunction-sections -fdata-se
TRACE::2024-01-20.10:23:37::SCWMssOS::ctions -Wall -Wextra -fno-tree-loop-distribute-patterns"

TRACE::2024-01-20.10:23:38::SCWMssOS::"Running Make include in microblaze_0/libsrc/standalone_v7_7/src"

TRACE::2024-01-20.10:23:38::SCWMssOS::make -C microblaze_0/libsrc/standalone_v7_7/src -s include  "SHELL=CMD" "COMPILER=mb-gcc" "ASSEMBLER=mb-as" "ARCHIVER=mb-ar" "C
TRACE::2024-01-20.10:23:38::SCWMssOS::OMPILER_FLAGS=  -O2 -c -mcpu=v11.0 -mlittle-endian -mxl-soft-mul" "EXTRA_COMPILER_FLAGS=-g -ffunction-sections -fdata-sections 
TRACE::2024-01-20.10:23:38::SCWMssOS::-Wall -Wextra -fno-tree-loop-distribute-patterns"

TRACE::2024-01-20.10:23:38::SCWMssOS::"Running Make include in microblaze_0/libsrc/uartlite_v3_7/src"

TRACE::2024-01-20.10:23:38::SCWMssOS::make -C microblaze_0/libsrc/uartlite_v3_7/src -s include  "SHELL=CMD" "COMPILER=mb-gcc" "ASSEMBLER=mb-as" "ARCHIVER=mb-ar" "COM
TRACE::2024-01-20.10:23:38::SCWMssOS::PILER_FLAGS=  -O2 -c -mcpu=v11.0 -mlittle-endian -mxl-soft-mul" "EXTRA_COMPILER_FLAGS=-g -ffunction-sections -fdata-sections -W
TRACE::2024-01-20.10:23:38::SCWMssOS::all -Wextra -fno-tree-loop-distribute-patterns"

TRACE::2024-01-20.10:23:38::SCWMssOS::"Running Make libs in microblaze_0/libsrc/bram_v4_7/src"

TRACE::2024-01-20.10:23:38::SCWMssOS::make -C microblaze_0/libsrc/bram_v4_7/src -s libs  "SHELL=CMD" "COMPILER=mb-gcc" "ASSEMBLER=mb-as" "ARCHIVER=mb-ar" "COMPILER_F
TRACE::2024-01-20.10:23:38::SCWMssOS::LAGS=  -O2 -c -mcpu=v11.0 -mlittle-endian -mxl-soft-mul" "EXTRA_COMPILER_FLAGS=-g -ffunction-sections -fdata-sections -Wall -We
TRACE::2024-01-20.10:23:38::SCWMssOS::xtra -fno-tree-loop-distribute-patterns"

TRACE::2024-01-20.10:23:38::SCWMssOS::"Running Make libs in microblaze_0/libsrc/cpu_v2_15/src"

TRACE::2024-01-20.10:23:38::SCWMssOS::make -C microblaze_0/libsrc/cpu_v2_15/src -s libs  "SHELL=CMD" "COMPILER=mb-gcc" "ASSEMBLER=mb-as" "ARCHIVER=mb-ar" "COMPILER_F
TRACE::2024-01-20.10:23:38::SCWMssOS::LAGS=  -O2 -c -mcpu=v11.0 -mlittle-endian -mxl-soft-mul" "EXTRA_COMPILER_FLAGS=-g -ffunction-sections -fdata-sections -Wall -We
TRACE::2024-01-20.10:23:38::SCWMssOS::xtra -fno-tree-loop-distribute-patterns"

TRACE::2024-01-20.10:23:38::SCWMssOS::"Running Make libs in microblaze_0/libsrc/intc_v3_14/src"

TRACE::2024-01-20.10:23:38::SCWMssOS::make -C microblaze_0/libsrc/intc_v3_14/src -s libs  "SHELL=CMD" "COMPILER=mb-gcc" "ASSEMBLER=mb-as" "ARCHIVER=mb-ar" "COMPILER_
TRACE::2024-01-20.10:23:38::SCWMssOS::FLAGS=  -O2 -c -mcpu=v11.0 -mlittle-endian -mxl-soft-mul" "EXTRA_COMPILER_FLAGS=-g -ffunction-sections -fdata-sections -Wall -W
TRACE::2024-01-20.10:23:38::SCWMssOS::extra -fno-tree-loop-distribute-patterns"

TRACE::2024-01-20.10:23:38::SCWMssOS::"Running Make libs in microblaze_0/libsrc/standalone_v7_7/src"

TRACE::2024-01-20.10:23:38::SCWMssOS::make -C microblaze_0/libsrc/standalone_v7_7/src -s libs  "SHELL=CMD" "COMPILER=mb-gcc" "ASSEMBLER=mb-as" "ARCHIVER=mb-ar" "COMP
TRACE::2024-01-20.10:23:38::SCWMssOS::ILER_FLAGS=  -O2 -c -mcpu=v11.0 -mlittle-endian -mxl-soft-mul" "EXTRA_COMPILER_FLAGS=-g -ffunction-sections -fdata-sections -Wa
TRACE::2024-01-20.10:23:38::SCWMssOS::ll -Wextra -fno-tree-loop-distribute-patterns"

TRACE::2024-01-20.10:23:38::SCWMssOS::"Running Make libs in microblaze_0/libsrc/uartlite_v3_7/src"

TRACE::2024-01-20.10:23:38::SCWMssOS::make -C microblaze_0/libsrc/uartlite_v3_7/src -s libs  "SHELL=CMD" "COMPILER=mb-gcc" "ASSEMBLER=mb-as" "ARCHIVER=mb-ar" "COMPIL
TRACE::2024-01-20.10:23:38::SCWMssOS::ER_FLAGS=  -O2 -c -mcpu=v11.0 -mlittle-endian -mxl-soft-mul" "EXTRA_COMPILER_FLAGS=-g -ffunction-sections -fdata-sections -Wall
TRACE::2024-01-20.10:23:38::SCWMssOS:: -Wextra -fno-tree-loop-distribute-patterns"

TRACE::2024-01-20.10:23:40::SCWMssOS::"DEBUG NON_LTO_OBJECTS is ../../../lib/microblaze_interrupt_handler.o"

TRACE::2024-01-20.10:23:40::SCWMssOS::'Finished building libraries parallelly.'

TRACE::2024-01-20.10:23:40::SCWMssOS::make --no-print-directory archive

TRACE::2024-01-20.10:23:40::SCWMssOS::mb-ar -r  microblaze_0/lib/libxil.a microblaze_0/lib/xplatform_info.o microblaze_0/lib/xuartlite.o microblaze_0/lib/microblaze_
TRACE::2024-01-20.10:23:40::SCWMssOS::disable_exceptions.o microblaze_0/lib/print.o microblaze_0/lib/_exit.o microblaze_0/lib/xil_testio.o microblaze_0/lib/microblaz
TRACE::2024-01-20.10:23:40::SCWMssOS::e_disable_dcache.o microblaze_0/lib/microblaze_flush_dcache_range.o microblaze_0/lib/microblaze_flush_cache_ext.o microblaze_0/
TRACE::2024-01-20.10:23:40::SCWMssOS::lib/xbram_sinit.o microblaze_0/lib/xil_misc_psreset_api.o microblaze_0/lib/xinterrupt_wrap.o microblaze_0/lib/xil_cache.o micro
TRACE::2024-01-20.10:23:40::SCWMssOS::blaze_0/lib/xil_util.o microblaze_0/lib/inbyte.o microblaze_0/lib/xbram_g.o microblaze_0/lib/xuartlite_stats.o microblaze_0/lib
TRACE::2024-01-20.10:23:40::SCWMssOS::/microblaze_exception_handler.o microblaze_0/lib/microblaze_scrub.o microblaze_0/lib/microblaze_invalidate_dcache.o microblaze_
TRACE::2024-01-20.10:23:40::SCWMssOS::0/lib/microblaze_disable_interrupts.o microblaze_0/lib/xbram_selftest.o microblaze_0/lib/microblaze_interrupt_handler.o microbl
TRACE::2024-01-20.10:23:40::SCWMssOS::aze_0/lib/microblaze_disable_icache.o microblaze_0/lib/xil_mem.o microblaze_0/lib/xuartlite_intr.o microblaze_0/lib/microblaze_
TRACE::2024-01-20.10:23:40::SCWMssOS::flush_cache_ext_range.o microblaze_0/lib/xbram_intr.o microblaze_0/lib/xil_sleepcommon.o microblaze_0/lib/xil_printf.o microbla
TRACE::2024-01-20.10:23:40::SCWMssOS::ze_0/lib/xintc_g.o microblaze_0/lib/xuartlite_g.o microblaze_0/lib/xintc_selftest.o microblaze_0/lib/xintc_l.o microblaze_0/lib
TRACE::2024-01-20.10:23:40::SCWMssOS::/outbyte.o microblaze_0/lib/microblaze_invalidate_dcache_range.o microblaze_0/lib/microblaze_invalidate_cache_ext.o microblaze_
TRACE::2024-01-20.10:23:40::SCWMssOS::0/lib/microblaze_sleep.o microblaze_0/lib/hw_exception_handler.o microblaze_0/lib/xuartlite_selftest.o microblaze_0/lib/xintc_i
TRACE::2024-01-20.10:23:40::SCWMssOS::ntr.o microblaze_0/lib/microblaze_update_dcache.o microblaze_0/lib/xil_testcache.o microblaze_0/lib/microblaze_selftest.o micro
TRACE::2024-01-20.10:23:40::SCWMssOS::blaze_0/lib/microblaze_interrupts_g.o microblaze_0/lib/microblaze_enable_exceptions.o microblaze_0/lib/xio.o microblaze_0/lib/m
TRACE::2024-01-20.10:23:40::SCWMssOS::icroblaze_enable_dcache.o microblaze_0/lib/xbram.o microblaze_0/lib/microblaze_invalidate_icache_range.o microblaze_0/lib/micro
TRACE::2024-01-20.10:23:40::SCWMssOS::blaze_init_dcache_range.o microblaze_0/lib/microblaze_invalidate_icache.o microblaze_0/lib/errno.o microblaze_0/lib/xuartlite_l
TRACE::2024-01-20.10:23:40::SCWMssOS::.o microblaze_0/lib/xintc_options.o microblaze_0/lib/microblaze_invalidate_cache_ext_range.o microblaze_0/lib/xil_exception.o m
TRACE::2024-01-20.10:23:40::SCWMssOS::icroblaze_0/lib/pvr.o microblaze_0/lib/xil_testmem.o microblaze_0/lib/microblaze_update_icache.o microblaze_0/lib/microblaze_fl
TRACE::2024-01-20.10:23:40::SCWMssOS::ush_dcache.o microblaze_0/lib/xil_clocking.o microblaze_0/lib/xil_assert.o microblaze_0/lib/microblaze_enable_interrupts.o micr
TRACE::2024-01-20.10:23:40::SCWMssOS::oblaze_0/lib/microblaze_enable_icache.o microblaze_0/lib/xintc.o microblaze_0/lib/xuartlite_sinit.o microblaze_0/lib/fcntl.o mi
TRACE::2024-01-20.10:23:40::SCWMssOS::croblaze_0/lib/microblaze_init_icache_range.o

TRACE::2024-01-20.10:23:40::SCWMssOS::'Finished building libraries'

TRACE::2024-01-20.10:23:41::SCWMssOS::Copying to export directory.
TRACE::2024-01-20.10:23:41::SCWMssOS:: Checking if to create the Supporting Applications
TRACE::2024-01-20.10:23:41::SCWMssOS:: No Linux domain exists, trying to generate FSBL 
LOG::2024-01-20.10:23:41::SCWSystem::Completed Processing the domain standalone_microblaze_0
LOG::2024-01-20.10:23:41::SCWSystem::Completed Processing the sysconfig dejarik_wrapper
LOG::2024-01-20.10:23:41::SCWPlatform::Completed generating the artifacts for system configuration dejarik_wrapper
TRACE::2024-01-20.10:23:41::SCWPlatform::Started preparing the platform 
TRACE::2024-01-20.10:23:41::SCWSystem::Writing the bif file for system config dejarik_wrapper
TRACE::2024-01-20.10:23:41::SCWSystem::dir created 
TRACE::2024-01-20.10:23:41::SCWSystem::Writing the bif 
TRACE::2024-01-20.10:23:41::SCWPlatform::Started writing the spfm file 
TRACE::2024-01-20.10:23:41::SCWPlatform::Started writing the xpfm file 
TRACE::2024-01-20.10:23:41::SCWPlatform::Completed generating the platform
TRACE::2024-01-20.10:23:41::SCWMssOS::Saving the mss changes C:/Users/peneb/Desktop/git/dejarik/vitis_workspace/dejarik_wrapper/microblaze_0/standalone_microblaze_0/bsp/system.mss
TRACE::2024-01-20.10:23:41::SCWMssOS::Found a swdesign opened with the mssfile.
TRACE::2024-01-20.10:23:41::SCWMssOS::Completed writemss as part of save.
TRACE::2024-01-20.10:23:41::SCWMssOS::Commit changes completed.
TRACE::2024-01-20.10:23:41::SCWPlatform::Trying to open the hw design at C:/Users/peneb/Desktop/git/dejarik/vitis_workspace/dejarik_wrapper/hw/dejarik_wrapper.xsa
TRACE::2024-01-20.10:23:41::SCWPlatform::DSA given C:/Users/peneb/Desktop/git/dejarik/vitis_workspace/dejarik_wrapper/hw/dejarik_wrapper.xsa
TRACE::2024-01-20.10:23:41::SCWPlatform::DSA absoulate path C:/Users/peneb/Desktop/git/dejarik/vitis_workspace/dejarik_wrapper/hw/dejarik_wrapper.xsa
TRACE::2024-01-20.10:23:41::SCWPlatform::DSA directory C:/Users/peneb/Desktop/git/dejarik/vitis_workspace/dejarik_wrapper/hw
TRACE::2024-01-20.10:23:41::SCWPlatform:: Platform Path C:/Users/peneb/Desktop/git/dejarik/vitis_workspace/dejarik_wrapper/hw/dejarik_wrapper.xsa
TRACE::2024-01-20.10:23:41::SCWPlatform:: Unique name xilinx:arty-a7-35::0.0
TRACE::2024-01-20.10:23:41::SCWPlatform::Trying to set the existing hwdb with name dejarik_wrapper_0
TRACE::2024-01-20.10:23:41::SCWPlatform::Opened existing hwdb dejarik_wrapper_0
TRACE::2024-01-20.10:23:41::SCWPlatform::Found the Hw Db part of the input DSA
TRACE::2024-01-20.10:23:41::SCWMssOS::Checking the sw design at  C:/Users/peneb/Desktop/git/dejarik/vitis_workspace/dejarik_wrapper/microblaze_0/standalone_microblaze_0/bsp/system.mss
TRACE::2024-01-20.10:23:41::SCWMssOS::DEBUG:  swdes dump  C:/Users/peneb/Desktop/git/dejarik/vitis_workspace/dejarik_wrapper/microblaze_0/standalone_microblaze_0/bsp/system.mss|system||

TRACE::2024-01-20.10:23:41::SCWMssOS::Sw design exists and opened at  C:/Users/peneb/Desktop/git/dejarik/vitis_workspace/dejarik_wrapper/microblaze_0/standalone_microblaze_0/bsp/system.mss
TRACE::2024-01-20.10:23:41::SCWPlatform::Trying to open the hw design at C:/Users/peneb/Desktop/git/dejarik/vitis_workspace/dejarik_wrapper/hw/dejarik_wrapper.xsa
TRACE::2024-01-20.10:23:41::SCWPlatform::DSA given C:/Users/peneb/Desktop/git/dejarik/vitis_workspace/dejarik_wrapper/hw/dejarik_wrapper.xsa
TRACE::2024-01-20.10:23:41::SCWPlatform::DSA absoulate path C:/Users/peneb/Desktop/git/dejarik/vitis_workspace/dejarik_wrapper/hw/dejarik_wrapper.xsa
TRACE::2024-01-20.10:23:41::SCWPlatform::DSA directory C:/Users/peneb/Desktop/git/dejarik/vitis_workspace/dejarik_wrapper/hw
TRACE::2024-01-20.10:23:41::SCWPlatform:: Platform Path C:/Users/peneb/Desktop/git/dejarik/vitis_workspace/dejarik_wrapper/hw/dejarik_wrapper.xsa
TRACE::2024-01-20.10:23:41::SCWPlatform:: Unique name xilinx:arty-a7-35::0.0
TRACE::2024-01-20.10:23:41::SCWPlatform::Trying to set the existing hwdb with name dejarik_wrapper_0
TRACE::2024-01-20.10:23:41::SCWPlatform::Opened existing hwdb dejarik_wrapper_0
TRACE::2024-01-20.10:23:41::SCWPlatform::Found the Hw Db part of the input DSA
TRACE::2024-01-20.10:23:41::SCWMssOS::Checking the sw design at  C:/Users/peneb/Desktop/git/dejarik/vitis_workspace/dejarik_wrapper/microblaze_0/standalone_microblaze_0/bsp/system.mss
TRACE::2024-01-20.10:23:41::SCWMssOS::DEBUG:  swdes dump  C:/Users/peneb/Desktop/git/dejarik/vitis_workspace/dejarik_wrapper/microblaze_0/standalone_microblaze_0/bsp/system.mss|system||

TRACE::2024-01-20.10:23:41::SCWMssOS::Sw design exists and opened at  C:/Users/peneb/Desktop/git/dejarik/vitis_workspace/dejarik_wrapper/microblaze_0/standalone_microblaze_0/bsp/system.mss
TRACE::2024-01-20.10:23:41::SCWPlatform::Trying to open the hw design at C:/Users/peneb/Desktop/git/dejarik/vitis_workspace/dejarik_wrapper/hw/dejarik_wrapper.xsa
TRACE::2024-01-20.10:23:41::SCWPlatform::DSA given C:/Users/peneb/Desktop/git/dejarik/vitis_workspace/dejarik_wrapper/hw/dejarik_wrapper.xsa
TRACE::2024-01-20.10:23:41::SCWPlatform::DSA absoulate path C:/Users/peneb/Desktop/git/dejarik/vitis_workspace/dejarik_wrapper/hw/dejarik_wrapper.xsa
TRACE::2024-01-20.10:23:41::SCWPlatform::DSA directory C:/Users/peneb/Desktop/git/dejarik/vitis_workspace/dejarik_wrapper/hw
TRACE::2024-01-20.10:23:41::SCWPlatform:: Platform Path C:/Users/peneb/Desktop/git/dejarik/vitis_workspace/dejarik_wrapper/hw/dejarik_wrapper.xsa
TRACE::2024-01-20.10:23:41::SCWPlatform:: Unique name xilinx:arty-a7-35::0.0
TRACE::2024-01-20.10:23:41::SCWPlatform::Trying to set the existing hwdb with name dejarik_wrapper_0
TRACE::2024-01-20.10:23:41::SCWPlatform::Opened existing hwdb dejarik_wrapper_0
TRACE::2024-01-20.10:23:41::SCWPlatform::Found the Hw Db part of the input DSA
TRACE::2024-01-20.10:23:41::SCWMssOS::Checking the sw design at  C:/Users/peneb/Desktop/git/dejarik/vitis_workspace/dejarik_wrapper/microblaze_0/standalone_microblaze_0/bsp/system.mss
TRACE::2024-01-20.10:23:41::SCWMssOS::DEBUG:  swdes dump  C:/Users/peneb/Desktop/git/dejarik/vitis_workspace/dejarik_wrapper/microblaze_0/standalone_microblaze_0/bsp/system.mss|system||

TRACE::2024-01-20.10:23:41::SCWMssOS::Sw design exists and opened at  C:/Users/peneb/Desktop/git/dejarik/vitis_workspace/dejarik_wrapper/microblaze_0/standalone_microblaze_0/bsp/system.mss
TRACE::2024-01-20.10:23:41::SCWWriter::formatted JSON is {
	"platformName":	"dejarik_wrapper",
	"sprVersion":	"2.0",
	"mode":	"gui",
	"dsaType":	"Fixed",
	"platformDesc":	"dejarik_wrapper",
	"platHandOff":	"C:/Users/peneb/Desktop/git/dejarik/fpga_dejarik/dejarik_wrapper.xsa",
	"platIntHandOff":	"<platformDir>/hw/dejarik_wrapper.xsa",
	"deviceType":	"FPGA",
	"platIsPrebuiltAutogen":	"false",
	"platIsNoBootBsp":	"false",
	"hasFsblMakeHasChanges":	"false",
	"hasPmufwMakeHasChanges":	"false",
	"platPreBuiltFlag":	false,
	"platformSamplesDir":	"",
	"platActiveSys":	"dejarik_wrapper",
	"systems":	[{
			"systemName":	"dejarik_wrapper",
			"systemDesc":	"dejarik_wrapper",
			"sysIsBootAutoGen":	"true",
			"systemDispName":	"dejarik_wrapper",
			"sysActiveDom":	"standalone_microblaze_0",
			"sysDefaultDom":	"standalone_microblaze_0",
			"domains":	[{
					"domainName":	"standalone_microblaze_0",
					"domainDispName":	"standalone_microblaze_0",
					"domainDesc":	"standalone_microblaze_0",
					"processors":	"microblaze_0",
					"os":	"standalone",
					"sdxOs":	"standalone",
					"debugEnable":	"False",
					"domRuntimes":	["cpp"],
					"swRepo":	"",
					"mssOsVer":	"7.7",
					"mssFile":	"",
					"md5Digest":	"77dfcfa934d25a7565a038f9eb5a6dca",
					"compatibleApp":	"hello_world",
					"domType":	"mssDomain",
					"arch":	"32-bit",
					"appSettings":	{
						"appCompilerFlags":	"",
						"appLinkerFlags":	""
					},
					"addedLibs":	[],
					"libOptions":	{
						"libsContainingOptions":	[]
					},
					"prebuiltLibs":	{
						"prebuiltIncPath":	[],
						"prebuiltLibPath":	[]
					},
					"isolation":	{
					}
				}]
		}]
}
KEYINFO::2024-01-20.10:23:41::SCWPlatform::updated the xpfm file.
TRACE::2024-01-20.10:23:41::SCWPlatform::Trying to open the hw design at C:/Users/peneb/Desktop/git/dejarik/vitis_workspace/dejarik_wrapper/hw/dejarik_wrapper.xsa
TRACE::2024-01-20.10:23:41::SCWPlatform::DSA given C:/Users/peneb/Desktop/git/dejarik/vitis_workspace/dejarik_wrapper/hw/dejarik_wrapper.xsa
TRACE::2024-01-20.10:23:41::SCWPlatform::DSA absoulate path C:/Users/peneb/Desktop/git/dejarik/vitis_workspace/dejarik_wrapper/hw/dejarik_wrapper.xsa
TRACE::2024-01-20.10:23:41::SCWPlatform::DSA directory C:/Users/peneb/Desktop/git/dejarik/vitis_workspace/dejarik_wrapper/hw
TRACE::2024-01-20.10:23:41::SCWPlatform:: Platform Path C:/Users/peneb/Desktop/git/dejarik/vitis_workspace/dejarik_wrapper/hw/dejarik_wrapper.xsa
TRACE::2024-01-20.10:23:41::SCWPlatform:: Unique name xilinx:arty-a7-35::0.0
TRACE::2024-01-20.10:23:41::SCWPlatform::Trying to set the existing hwdb with name dejarik_wrapper_0
TRACE::2024-01-20.10:23:41::SCWPlatform::Opened existing hwdb dejarik_wrapper_0
TRACE::2024-01-20.10:23:41::SCWPlatform::Found the Hw Db part of the input DSA
TRACE::2024-01-20.10:23:41::SCWMssOS::Checking the sw design at  C:/Users/peneb/Desktop/git/dejarik/vitis_workspace/dejarik_wrapper/microblaze_0/standalone_microblaze_0/bsp/system.mss
TRACE::2024-01-20.10:23:41::SCWMssOS::DEBUG:  swdes dump  C:/Users/peneb/Desktop/git/dejarik/vitis_workspace/dejarik_wrapper/microblaze_0/standalone_microblaze_0/bsp/system.mss|system||

TRACE::2024-01-20.10:23:41::SCWMssOS::Sw design exists and opened at  C:/Users/peneb/Desktop/git/dejarik/vitis_workspace/dejarik_wrapper/microblaze_0/standalone_microblaze_0/bsp/system.mss
